{
  "uid" : "bfe826c504e5ea0b",
  "name" : "test_simple_copy",
  "fullName" : "tests.functional.adapter.test_simple_copy.TestSimpleCopyBase#test_simple_copy",
  "historyId" : "c69e2180db2353ad1ca5c39f692121ce",
  "time" : {
    "start" : 1707156719626,
    "stop" : 1707156731662,
    "duration" : 12036
  },
  "status" : "failed",
  "statusMessage" : "AssertionError: dbt exit state did not match expected",
  "statusTrace" : "self = <test_simple_copy.TestSimpleCopyBase object at 0x7f45f8a60730>\nproject = <dbt.tests.fixtures.project.TestProjInfo object at 0x7f45f661c280>\n\n    def test_simple_copy(self, project):\n        # Load the seed file and check that it worked\n        results = run_dbt([\"seed\"])\n        assert len(results) == 1\n    \n        # Run the project and ensure that all the models loaded\n>       results = run_dbt()\n\n/opt/hostedtoolcache/Python/3.9.18/x64/lib/python3.9/site-packages/dbt/tests/adapter/simple_copy/test_simple_copy.py:63: \n_ _ _ _ _ _ _ _ _ _ _ _ _ _ _ _ _ _ _ _ _ _ _ _ _ _ _ _ _ _ _ _ _ _ _ _ _ _ _ _ \n\nargs = ['run', '--project-dir', '/tmp/pytest-of-runner/pytest-0/project26', '--profiles-dir', '/tmp/pytest-of-runner/pytest-0/profile26']\nexpect_pass = True\n\n    def run_dbt(\n        args: Optional[List[str]] = None,\n        expect_pass: bool = True,\n    ):\n        # Ignore logbook warnings\n        warnings.filterwarnings(\"ignore\", category=DeprecationWarning, module=\"logbook\")\n    \n        # reset global vars\n        reset_metadata_vars()\n    \n        # The logger will complain about already being initialized if\n        # we don't do this.\n        log_manager.reset_handlers()\n        if args is None:\n            args = [\"run\"]\n    \n        print(\"\\n\\nInvoking dbt with {}\".format(args))\n        from dbt.flags import get_flags\n    \n        flags = get_flags()\n        project_dir = getattr(flags, \"PROJECT_DIR\", None)\n        profiles_dir = getattr(flags, \"PROFILES_DIR\", None)\n        if project_dir and \"--project-dir\" not in args:\n            args.extend([\"--project-dir\", project_dir])\n        if profiles_dir and \"--profiles-dir\" not in args:\n            args.extend([\"--profiles-dir\", profiles_dir])\n    \n        dbt = dbtRunner()\n        res = dbt.invoke(args)\n    \n        # the exception is immediately raised to be caught in tests\n        # using a pattern like `with pytest.raises(SomeException):`\n        if res.exception is not None:\n            raise res.exception\n    \n        if expect_pass is not None:\n>           assert res.success == expect_pass, \"dbt exit state did not match expected\"\nE           AssertionError: dbt exit state did not match expected\n\n/opt/hostedtoolcache/Python/3.9.18/x64/lib/python3.9/site-packages/dbt/tests/util.py:108: AssertionError",
  "flaky" : false,
  "newFailed" : false,
  "beforeStages" : [ {
    "name" : "project_config_update",
    "time" : {
      "start" : 1707156760381,
      "stop" : 1707156760381,
      "duration" : 0
    },
    "status" : "passed",
    "steps" : [ ],
    "attachments" : [ ],
    "parameters" : [ ],
    "stepsCount" : 0,
    "attachmentsCount" : 0,
    "shouldDisplayMessage" : false,
    "hasContent" : false
  }, {
    "name" : "packages",
    "time" : {
      "start" : 1707156718400,
      "stop" : 1707156718400,
      "duration" : 0
    },
    "status" : "passed",
    "steps" : [ ],
    "attachments" : [ ],
    "parameters" : [ ],
    "stepsCount" : 0,
    "attachmentsCount" : 0,
    "shouldDisplayMessage" : false,
    "hasContent" : false
  }, {
    "name" : "tmpdir_factory",
    "time" : {
      "start" : 1707156084589,
      "stop" : 1707156084589,
      "duration" : 0
    },
    "status" : "passed",
    "steps" : [ ],
    "attachments" : [ ],
    "parameters" : [ ],
    "stepsCount" : 0,
    "attachmentsCount" : 0,
    "shouldDisplayMessage" : false,
    "hasContent" : false
  }, {
    "name" : "selectors",
    "time" : {
      "start" : 1707156718400,
      "stop" : 1707156718400,
      "duration" : 0
    },
    "status" : "passed",
    "steps" : [ ],
    "attachments" : [ ],
    "parameters" : [ ],
    "stepsCount" : 0,
    "attachmentsCount" : 0,
    "shouldDisplayMessage" : false,
    "hasContent" : false
  }, {
    "name" : "test_config",
    "time" : {
      "start" : 1707156718843,
      "stop" : 1707156718843,
      "duration" : 0
    },
    "status" : "passed",
    "steps" : [ ],
    "attachments" : [ ],
    "parameters" : [ ],
    "stepsCount" : 0,
    "attachmentsCount" : 0,
    "shouldDisplayMessage" : false,
    "hasContent" : false
  }, {
    "name" : "dependencies_yml",
    "time" : {
      "start" : 1707156718400,
      "stop" : 1707156718400,
      "duration" : 0
    },
    "status" : "passed",
    "steps" : [ ],
    "attachments" : [ ],
    "parameters" : [ ],
    "stepsCount" : 0,
    "attachmentsCount" : 0,
    "shouldDisplayMessage" : false,
    "hasContent" : false
  }, {
    "name" : "prefix",
    "time" : {
      "start" : 1707156718397,
      "stop" : 1707156718397,
      "duration" : 0
    },
    "status" : "passed",
    "steps" : [ ],
    "attachments" : [ ],
    "parameters" : [ ],
    "stepsCount" : 0,
    "attachmentsCount" : 0,
    "shouldDisplayMessage" : false,
    "hasContent" : false
  }, {
    "name" : "properties",
    "time" : {
      "start" : 1707156718841,
      "stop" : 1707156718841,
      "duration" : 0
    },
    "status" : "passed",
    "steps" : [ ],
    "attachments" : [ ],
    "parameters" : [ ],
    "stepsCount" : 0,
    "attachmentsCount" : 0,
    "shouldDisplayMessage" : false,
    "hasContent" : false
  }, {
    "name" : "logs_dir",
    "time" : {
      "start" : 1707156718843,
      "stop" : 1707156718843,
      "duration" : 0
    },
    "status" : "passed",
    "steps" : [ ],
    "attachments" : [ ],
    "parameters" : [ ],
    "stepsCount" : 0,
    "attachmentsCount" : 0,
    "shouldDisplayMessage" : false,
    "hasContent" : false
  }, {
    "name" : "seeds",
    "time" : {
      "start" : 1707156718842,
      "stop" : 1707156718842,
      "duration" : 0
    },
    "status" : "passed",
    "steps" : [ ],
    "attachments" : [ ],
    "parameters" : [ ],
    "stepsCount" : 0,
    "attachmentsCount" : 0,
    "shouldDisplayMessage" : false,
    "hasContent" : false
  }, {
    "name" : "clean_up_logging",
    "time" : {
      "start" : 1707156718396,
      "stop" : 1707156718396,
      "duration" : 0
    },
    "status" : "passed",
    "steps" : [ ],
    "attachments" : [ ],
    "parameters" : [ ],
    "stepsCount" : 0,
    "attachmentsCount" : 0,
    "shouldDisplayMessage" : false,
    "hasContent" : false
  }, {
    "name" : "project_config_update",
    "time" : {
      "start" : 1707156718399,
      "stop" : 1707156718399,
      "duration" : 0
    },
    "status" : "passed",
    "steps" : [ ],
    "attachments" : [ ],
    "parameters" : [ ],
    "stepsCount" : 0,
    "attachmentsCount" : 0,
    "shouldDisplayMessage" : false,
    "hasContent" : false
  }, {
    "name" : "dbt_profile_target",
    "time" : {
      "start" : 1707156718397,
      "stop" : 1707156718397,
      "duration" : 0
    },
    "status" : "passed",
    "steps" : [ ],
    "attachments" : [ ],
    "parameters" : [ ],
    "stepsCount" : 0,
    "attachmentsCount" : 0,
    "shouldDisplayMessage" : false,
    "hasContent" : false
  }, {
    "name" : "dbt_project_yml",
    "time" : {
      "start" : 1707156718399,
      "stop" : 1707156718400,
      "duration" : 1
    },
    "status" : "passed",
    "steps" : [ ],
    "attachments" : [ ],
    "parameters" : [ ],
    "stepsCount" : 0,
    "attachmentsCount" : 0,
    "shouldDisplayMessage" : false,
    "hasContent" : false
  }, {
    "name" : "profiles_config_update",
    "time" : {
      "start" : 1707156718398,
      "stop" : 1707156718398,
      "duration" : 0
    },
    "status" : "passed",
    "steps" : [ ],
    "attachments" : [ ],
    "parameters" : [ ],
    "stepsCount" : 0,
    "attachmentsCount" : 0,
    "shouldDisplayMessage" : false,
    "hasContent" : false
  }, {
    "name" : "tests",
    "time" : {
      "start" : 1707156718842,
      "stop" : 1707156718842,
      "duration" : 0
    },
    "status" : "passed",
    "steps" : [ ],
    "attachments" : [ ],
    "parameters" : [ ],
    "stepsCount" : 0,
    "attachmentsCount" : 0,
    "shouldDisplayMessage" : false,
    "hasContent" : false
  }, {
    "name" : "analyses",
    "time" : {
      "start" : 1707156718842,
      "stop" : 1707156718842,
      "duration" : 0
    },
    "status" : "passed",
    "steps" : [ ],
    "attachments" : [ ],
    "parameters" : [ ],
    "stepsCount" : 0,
    "attachmentsCount" : 0,
    "shouldDisplayMessage" : false,
    "hasContent" : false
  }, {
    "name" : "models",
    "time" : {
      "start" : 1707156718841,
      "stop" : 1707156718841,
      "duration" : 0
    },
    "status" : "passed",
    "steps" : [ ],
    "attachments" : [ ],
    "parameters" : [ ],
    "stepsCount" : 0,
    "attachmentsCount" : 0,
    "shouldDisplayMessage" : false,
    "hasContent" : false
  }, {
    "name" : "adapter",
    "time" : {
      "start" : 1707156718400,
      "stop" : 1707156718841,
      "duration" : 441
    },
    "status" : "passed",
    "steps" : [ ],
    "attachments" : [ ],
    "parameters" : [ ],
    "stepsCount" : 0,
    "attachmentsCount" : 0,
    "shouldDisplayMessage" : false,
    "hasContent" : false
  }, {
    "name" : "snapshots",
    "time" : {
      "start" : 1707156718841,
      "stop" : 1707156718841,
      "duration" : 0
    },
    "status" : "passed",
    "steps" : [ ],
    "attachments" : [ ],
    "parameters" : [ ],
    "stepsCount" : 0,
    "attachmentsCount" : 0,
    "shouldDisplayMessage" : false,
    "hasContent" : false
  }, {
    "name" : "properties",
    "time" : {
      "start" : 1707156760912,
      "stop" : 1707156760912,
      "duration" : 0
    },
    "status" : "passed",
    "steps" : [ ],
    "attachments" : [ ],
    "parameters" : [ ],
    "stepsCount" : 0,
    "attachmentsCount" : 0,
    "shouldDisplayMessage" : false,
    "hasContent" : false
  }, {
    "name" : "profiles_root",
    "time" : {
      "start" : 1707156718397,
      "stop" : 1707156718397,
      "duration" : 0
    },
    "status" : "passed",
    "steps" : [ ],
    "attachments" : [ ],
    "parameters" : [ ],
    "stepsCount" : 0,
    "attachmentsCount" : 0,
    "shouldDisplayMessage" : false,
    "hasContent" : false
  }, {
    "name" : "selectors_yml",
    "time" : {
      "start" : 1707156718400,
      "stop" : 1707156718400,
      "duration" : 0
    },
    "status" : "passed",
    "steps" : [ ],
    "attachments" : [ ],
    "parameters" : [ ],
    "stepsCount" : 0,
    "attachmentsCount" : 0,
    "shouldDisplayMessage" : false,
    "hasContent" : false
  }, {
    "name" : "project",
    "time" : {
      "start" : 1707156718843,
      "stop" : 1707156719625,
      "duration" : 782
    },
    "status" : "passed",
    "steps" : [ ],
    "attachments" : [ ],
    "parameters" : [ ],
    "stepsCount" : 0,
    "attachmentsCount" : 0,
    "shouldDisplayMessage" : false,
    "hasContent" : false
  }, {
    "name" : "shared_data_dir",
    "time" : {
      "start" : 1707156084589,
      "stop" : 1707156084589,
      "duration" : 0
    },
    "status" : "passed",
    "steps" : [ ],
    "attachments" : [ ],
    "parameters" : [ ],
    "stepsCount" : 0,
    "attachmentsCount" : 0,
    "shouldDisplayMessage" : false,
    "hasContent" : false
  }, {
    "name" : "packages_yml",
    "time" : {
      "start" : 1707156718400,
      "stop" : 1707156718400,
      "duration" : 0
    },
    "status" : "passed",
    "steps" : [ ],
    "attachments" : [ ],
    "parameters" : [ ],
    "stepsCount" : 0,
    "attachmentsCount" : 0,
    "shouldDisplayMessage" : false,
    "hasContent" : false
  }, {
    "name" : "dependencies",
    "time" : {
      "start" : 1707156718400,
      "stop" : 1707156718400,
      "duration" : 0
    },
    "status" : "passed",
    "steps" : [ ],
    "attachments" : [ ],
    "parameters" : [ ],
    "stepsCount" : 0,
    "attachmentsCount" : 0,
    "shouldDisplayMessage" : false,
    "hasContent" : false
  }, {
    "name" : "macros",
    "time" : {
      "start" : 1707156718841,
      "stop" : 1707156718841,
      "duration" : 0
    },
    "status" : "passed",
    "steps" : [ ],
    "attachments" : [ ],
    "parameters" : [ ],
    "stepsCount" : 0,
    "attachmentsCount" : 0,
    "shouldDisplayMessage" : false,
    "hasContent" : false
  }, {
    "name" : "profiles_yml",
    "time" : {
      "start" : 1707156718398,
      "stop" : 1707156718399,
      "duration" : 1
    },
    "status" : "passed",
    "steps" : [ ],
    "attachments" : [ ],
    "parameters" : [ ],
    "stepsCount" : 0,
    "attachmentsCount" : 0,
    "shouldDisplayMessage" : false,
    "hasContent" : false
  }, {
    "name" : "seeds",
    "time" : {
      "start" : 1707156760912,
      "stop" : 1707156760912,
      "duration" : 0
    },
    "status" : "passed",
    "steps" : [ ],
    "attachments" : [ ],
    "parameters" : [ ],
    "stepsCount" : 0,
    "attachmentsCount" : 0,
    "shouldDisplayMessage" : false,
    "hasContent" : false
  }, {
    "name" : "dbt_profile_data",
    "time" : {
      "start" : 1707156718398,
      "stop" : 1707156718398,
      "duration" : 0
    },
    "status" : "passed",
    "steps" : [ ],
    "attachments" : [ ],
    "parameters" : [ ],
    "stepsCount" : 0,
    "attachmentsCount" : 0,
    "shouldDisplayMessage" : false,
    "hasContent" : false
  }, {
    "name" : "project_files",
    "time" : {
      "start" : 1707156718842,
      "stop" : 1707156718843,
      "duration" : 1
    },
    "status" : "passed",
    "steps" : [ ],
    "attachments" : [ ],
    "parameters" : [ ],
    "stepsCount" : 0,
    "attachmentsCount" : 0,
    "shouldDisplayMessage" : false,
    "hasContent" : false
  }, {
    "name" : "unique_schema",
    "time" : {
      "start" : 1707156718397,
      "stop" : 1707156718397,
      "duration" : 0
    },
    "status" : "passed",
    "steps" : [ ],
    "attachments" : [ ],
    "parameters" : [ ],
    "stepsCount" : 0,
    "attachmentsCount" : 0,
    "shouldDisplayMessage" : false,
    "hasContent" : false
  }, {
    "name" : "test_data_dir",
    "time" : {
      "start" : 1707156718396,
      "stop" : 1707156718396,
      "duration" : 0
    },
    "status" : "passed",
    "steps" : [ ],
    "attachments" : [ ],
    "parameters" : [ ],
    "stepsCount" : 0,
    "attachmentsCount" : 0,
    "shouldDisplayMessage" : false,
    "hasContent" : false
  }, {
    "name" : "project_root",
    "time" : {
      "start" : 1707156718396,
      "stop" : 1707156718397,
      "duration" : 1
    },
    "status" : "passed",
    "steps" : [ ],
    "attachments" : [ ],
    "parameters" : [ ],
    "stepsCount" : 0,
    "attachmentsCount" : 0,
    "shouldDisplayMessage" : false,
    "hasContent" : false
  } ],
  "testStage" : {
    "status" : "failed",
    "statusMessage" : "AssertionError: dbt exit state did not match expected",
    "statusTrace" : "self = <test_simple_copy.TestSimpleCopyBase object at 0x7f45f8a60730>\nproject = <dbt.tests.fixtures.project.TestProjInfo object at 0x7f45f661c280>\n\n    def test_simple_copy(self, project):\n        # Load the seed file and check that it worked\n        results = run_dbt([\"seed\"])\n        assert len(results) == 1\n    \n        # Run the project and ensure that all the models loaded\n>       results = run_dbt()\n\n/opt/hostedtoolcache/Python/3.9.18/x64/lib/python3.9/site-packages/dbt/tests/adapter/simple_copy/test_simple_copy.py:63: \n_ _ _ _ _ _ _ _ _ _ _ _ _ _ _ _ _ _ _ _ _ _ _ _ _ _ _ _ _ _ _ _ _ _ _ _ _ _ _ _ \n\nargs = ['run', '--project-dir', '/tmp/pytest-of-runner/pytest-0/project26', '--profiles-dir', '/tmp/pytest-of-runner/pytest-0/profile26']\nexpect_pass = True\n\n    def run_dbt(\n        args: Optional[List[str]] = None,\n        expect_pass: bool = True,\n    ):\n        # Ignore logbook warnings\n        warnings.filterwarnings(\"ignore\", category=DeprecationWarning, module=\"logbook\")\n    \n        # reset global vars\n        reset_metadata_vars()\n    \n        # The logger will complain about already being initialized if\n        # we don't do this.\n        log_manager.reset_handlers()\n        if args is None:\n            args = [\"run\"]\n    \n        print(\"\\n\\nInvoking dbt with {}\".format(args))\n        from dbt.flags import get_flags\n    \n        flags = get_flags()\n        project_dir = getattr(flags, \"PROJECT_DIR\", None)\n        profiles_dir = getattr(flags, \"PROFILES_DIR\", None)\n        if project_dir and \"--project-dir\" not in args:\n            args.extend([\"--project-dir\", project_dir])\n        if profiles_dir and \"--profiles-dir\" not in args:\n            args.extend([\"--profiles-dir\", profiles_dir])\n    \n        dbt = dbtRunner()\n        res = dbt.invoke(args)\n    \n        # the exception is immediately raised to be caught in tests\n        # using a pattern like `with pytest.raises(SomeException):`\n        if res.exception is not None:\n            raise res.exception\n    \n        if expect_pass is not None:\n>           assert res.success == expect_pass, \"dbt exit state did not match expected\"\nE           AssertionError: dbt exit state did not match expected\n\n/opt/hostedtoolcache/Python/3.9.18/x64/lib/python3.9/site-packages/dbt/tests/util.py:108: AssertionError",
    "steps" : [ ],
    "attachments" : [ {
      "uid" : "c7112461cff283a2",
      "name" : "log",
      "source" : "c7112461cff283a2.txt",
      "type" : "text/plain",
      "size" : 15103
    }, {
      "uid" : "a699027a518da583",
      "name" : "stdout",
      "source" : "a699027a518da583.txt",
      "type" : "text/plain",
      "size" : 4707
    } ],
    "parameters" : [ ],
    "stepsCount" : 0,
    "attachmentsCount" : 2,
    "shouldDisplayMessage" : true,
    "hasContent" : true
  },
  "afterStages" : [ {
    "name" : "logs_dir::0",
    "time" : {
      "start" : 1707156732096,
      "stop" : 1707156732096,
      "duration" : 0
    },
    "status" : "passed",
    "steps" : [ ],
    "attachments" : [ ],
    "parameters" : [ ],
    "stepsCount" : 0,
    "attachmentsCount" : 0,
    "shouldDisplayMessage" : false,
    "hasContent" : false
  }, {
    "name" : "adapter::0",
    "time" : {
      "start" : 1707156732098,
      "stop" : 1707156732099,
      "duration" : 1
    },
    "status" : "passed",
    "steps" : [ ],
    "attachments" : [ ],
    "parameters" : [ ],
    "stepsCount" : 0,
    "attachmentsCount" : 0,
    "shouldDisplayMessage" : false,
    "hasContent" : false
  }, {
    "name" : "project::0",
    "time" : {
      "start" : 1707156731673,
      "stop" : 1707156732095,
      "duration" : 422
    },
    "status" : "broken",
    "statusMessage" : "dbt.exceptions.DbtRuntimeError: Runtime Error\n  Runtime Error\n    Database Error\n      Error executing query:\n      Received error from remote server /core/v1/accounts/01h9g6nnqsrtc617763xer77ah/engines?page.first=1000. HTTP status code: 503 Service Unavailable, body: {\"error\":\"connection error: desc = \\\"transport: Error while dialing: dial tcp :3001: connect: connection refused\\\"\",\"code\":14,\"message\":\"connection error: desc = \\\"transport: Error while dialing: dial tcp :3001: connect: connection refused\\\"\",\"details\":[]}\n      \n",
    "statusTrace" : "  File \"/opt/hostedtoolcache/Python/3.9.18/x64/lib/python3.9/site-packages/allure_commons/_allure.py\", line 221, in __call__\n    return self._fixture_function(*args, **kwargs)\n  File \"/opt/hostedtoolcache/Python/3.9.18/x64/lib/python3.9/site-packages/_pytest/fixtures.py\", line 911, in _teardown_yield_fixture\n    next(it)\n  File \"/opt/hostedtoolcache/Python/3.9.18/x64/lib/python3.9/site-packages/dbt/tests/fixtures/project.py\", line 537, in project\n    project.drop_test_schema()\n  File \"/opt/hostedtoolcache/Python/3.9.18/x64/lib/python3.9/site-packages/dbt/tests/fixtures/project.py\", line 448, in drop_test_schema\n    self.adapter.drop_schema(relation)\n  File \"/opt/hostedtoolcache/Python/3.9.18/x64/lib/python3.9/site-packages/dbt/adapters/sql/impl.py\", line 175, in drop_schema\n    self.execute_macro(DROP_SCHEMA_MACRO_NAME, kwargs=kwargs)\n  File \"/opt/hostedtoolcache/Python/3.9.18/x64/lib/python3.9/site-packages/dbt/adapters/base/impl.py\", line 1112, in execute_macro\n    result = macro_function(**kwargs)\n  File \"/opt/hostedtoolcache/Python/3.9.18/x64/lib/python3.9/contextlib.py\", line 137, in __exit__\n    self.gen.throw(typ, value, traceback)\n  File \"/opt/hostedtoolcache/Python/3.9.18/x64/lib/python3.9/site-packages/dbt/adapters/firebolt/connections.py\", line 151, in exception_handler\n    raise DbtRuntimeError(str(e))\n",
    "steps" : [ ],
    "attachments" : [ ],
    "parameters" : [ ],
    "stepsCount" : 0,
    "attachmentsCount" : 0,
    "shouldDisplayMessage" : true,
    "hasContent" : true
  }, {
    "name" : "profiles_yml::0",
    "time" : {
      "start" : 1707156732101,
      "stop" : 1707156732101,
      "duration" : 0
    },
    "status" : "passed",
    "steps" : [ ],
    "attachments" : [ ],
    "parameters" : [ ],
    "stepsCount" : 0,
    "attachmentsCount" : 0,
    "shouldDisplayMessage" : false,
    "hasContent" : false
  } ],
  "labels" : [ {
    "name" : "parentSuite",
    "value" : "tests.functional.adapter"
  }, {
    "name" : "suite",
    "value" : "test_simple_copy"
  }, {
    "name" : "subSuite",
    "value" : "TestSimpleCopyBase"
  }, {
    "name" : "host",
    "value" : "fv-az1113-935"
  }, {
    "name" : "thread",
    "value" : "2385-MainThread"
  }, {
    "name" : "framework",
    "value" : "pytest"
  }, {
    "name" : "language",
    "value" : "cpython3"
  }, {
    "name" : "package",
    "value" : "tests.functional.adapter.test_simple_copy"
  }, {
    "name" : "resultFormat",
    "value" : "allure2"
  } ],
  "parameters" : [ ],
  "links" : [ ],
  "hidden" : false,
  "retry" : false,
  "extra" : {
    "severity" : "normal",
    "retries" : [ ],
    "categories" : [ {
      "name" : "Product defects",
      "matchedStatuses" : [ ],
      "flaky" : false
    } ],
    "tags" : [ ]
  },
  "source" : "bfe826c504e5ea0b.json",
  "parameterValues" : [ ]
}