{
  "uid" : "e257d2acade9ea47",
  "name" : "test_build_assert_equal",
  "fullName" : "tests.functional.adapter.utils.test_utils.TestEscapeSingleQuotes#test_build_assert_equal",
  "historyId" : "be43c2b928e2d3a14def6453b42037c6",
  "time" : {
    "start" : 1707157501957,
    "stop" : 1707157506400,
    "duration" : 4443
  },
  "status" : "failed",
  "statusMessage" : "AssertionError: dbt exit state did not match expected",
  "statusTrace" : "self = <test_utils.TestEscapeSingleQuotes object at 0x7f45f8940370>\nproject = <dbt.tests.fixtures.project.TestProjInfo object at 0x7f45f61b40a0>\n\n    def test_build_assert_equal(self, project):\n>       run_dbt([\"build\"])  # seed, model, test\n\n/opt/hostedtoolcache/Python/3.9.18/x64/lib/python3.9/site-packages/dbt/tests/adapter/utils/base_utils.py:55: \n_ _ _ _ _ _ _ _ _ _ _ _ _ _ _ _ _ _ _ _ _ _ _ _ _ _ _ _ _ _ _ _ _ _ _ _ _ _ _ _ \n\nargs = ['build', '--project-dir', '/tmp/pytest-of-runner/pytest-0/project57', '--profiles-dir', '/tmp/pytest-of-runner/pytest-0/profile57']\nexpect_pass = True\n\n    def run_dbt(\n        args: Optional[List[str]] = None,\n        expect_pass: bool = True,\n    ):\n        # Ignore logbook warnings\n        warnings.filterwarnings(\"ignore\", category=DeprecationWarning, module=\"logbook\")\n    \n        # reset global vars\n        reset_metadata_vars()\n    \n        # The logger will complain about already being initialized if\n        # we don't do this.\n        log_manager.reset_handlers()\n        if args is None:\n            args = [\"run\"]\n    \n        print(\"\\n\\nInvoking dbt with {}\".format(args))\n        from dbt.flags import get_flags\n    \n        flags = get_flags()\n        project_dir = getattr(flags, \"PROJECT_DIR\", None)\n        profiles_dir = getattr(flags, \"PROFILES_DIR\", None)\n        if project_dir and \"--project-dir\" not in args:\n            args.extend([\"--project-dir\", project_dir])\n        if profiles_dir and \"--profiles-dir\" not in args:\n            args.extend([\"--profiles-dir\", profiles_dir])\n    \n        dbt = dbtRunner()\n        res = dbt.invoke(args)\n    \n        # the exception is immediately raised to be caught in tests\n        # using a pattern like `with pytest.raises(SomeException):`\n        if res.exception is not None:\n            raise res.exception\n    \n        if expect_pass is not None:\n>           assert res.success == expect_pass, \"dbt exit state did not match expected\"\nE           AssertionError: dbt exit state did not match expected\n\n/opt/hostedtoolcache/Python/3.9.18/x64/lib/python3.9/site-packages/dbt/tests/util.py:108: AssertionError",
  "flaky" : false,
  "newFailed" : false,
  "beforeStages" : [ {
    "name" : "project",
    "time" : {
      "start" : 1707157501249,
      "stop" : 1707157501956,
      "duration" : 707
    },
    "status" : "passed",
    "steps" : [ ],
    "attachments" : [ ],
    "parameters" : [ ],
    "stepsCount" : 0,
    "attachmentsCount" : 0,
    "shouldDisplayMessage" : false,
    "hasContent" : false
  }, {
    "name" : "selectors_yml",
    "time" : {
      "start" : 1707157500823,
      "stop" : 1707157500824,
      "duration" : 1
    },
    "status" : "passed",
    "steps" : [ ],
    "attachments" : [ ],
    "parameters" : [ ],
    "stepsCount" : 0,
    "attachmentsCount" : 0,
    "shouldDisplayMessage" : false,
    "hasContent" : false
  }, {
    "name" : "profiles_root",
    "time" : {
      "start" : 1707157500820,
      "stop" : 1707157500821,
      "duration" : 1
    },
    "status" : "passed",
    "steps" : [ ],
    "attachments" : [ ],
    "parameters" : [ ],
    "stepsCount" : 0,
    "attachmentsCount" : 0,
    "shouldDisplayMessage" : false,
    "hasContent" : false
  }, {
    "name" : "profiles_yml",
    "time" : {
      "start" : 1707157500821,
      "stop" : 1707157500822,
      "duration" : 1
    },
    "status" : "passed",
    "steps" : [ ],
    "attachments" : [ ],
    "parameters" : [ ],
    "stepsCount" : 0,
    "attachmentsCount" : 0,
    "shouldDisplayMessage" : false,
    "hasContent" : false
  }, {
    "name" : "test_config",
    "time" : {
      "start" : 1707157501249,
      "stop" : 1707157501249,
      "duration" : 0
    },
    "status" : "passed",
    "steps" : [ ],
    "attachments" : [ ],
    "parameters" : [ ],
    "stepsCount" : 0,
    "attachmentsCount" : 0,
    "shouldDisplayMessage" : false,
    "hasContent" : false
  }, {
    "name" : "tmpdir_factory",
    "time" : {
      "start" : 1707156084589,
      "stop" : 1707156084589,
      "duration" : 0
    },
    "status" : "passed",
    "steps" : [ ],
    "attachments" : [ ],
    "parameters" : [ ],
    "stepsCount" : 0,
    "attachmentsCount" : 0,
    "shouldDisplayMessage" : false,
    "hasContent" : false
  }, {
    "name" : "dependencies_yml",
    "time" : {
      "start" : 1707157500823,
      "stop" : 1707157500823,
      "duration" : 0
    },
    "status" : "passed",
    "steps" : [ ],
    "attachments" : [ ],
    "parameters" : [ ],
    "stepsCount" : 0,
    "attachmentsCount" : 0,
    "shouldDisplayMessage" : false,
    "hasContent" : false
  }, {
    "name" : "prefix",
    "time" : {
      "start" : 1707157500821,
      "stop" : 1707157500821,
      "duration" : 0
    },
    "status" : "passed",
    "steps" : [ ],
    "attachments" : [ ],
    "parameters" : [ ],
    "stepsCount" : 0,
    "attachmentsCount" : 0,
    "shouldDisplayMessage" : false,
    "hasContent" : false
  }, {
    "name" : "analyses",
    "time" : {
      "start" : 1707157501248,
      "stop" : 1707157501248,
      "duration" : 0
    },
    "status" : "passed",
    "steps" : [ ],
    "attachments" : [ ],
    "parameters" : [ ],
    "stepsCount" : 0,
    "attachmentsCount" : 0,
    "shouldDisplayMessage" : false,
    "hasContent" : false
  }, {
    "name" : "models",
    "time" : {
      "start" : 1707157501248,
      "stop" : 1707157501248,
      "duration" : 0
    },
    "status" : "passed",
    "steps" : [ ],
    "attachments" : [ ],
    "parameters" : [ ],
    "stepsCount" : 0,
    "attachmentsCount" : 0,
    "shouldDisplayMessage" : false,
    "hasContent" : false
  }, {
    "name" : "profiles_config_update",
    "time" : {
      "start" : 1707157500821,
      "stop" : 1707157500821,
      "duration" : 0
    },
    "status" : "passed",
    "steps" : [ ],
    "attachments" : [ ],
    "parameters" : [ ],
    "stepsCount" : 0,
    "attachmentsCount" : 0,
    "shouldDisplayMessage" : false,
    "hasContent" : false
  }, {
    "name" : "macros",
    "time" : {
      "start" : 1707157501248,
      "stop" : 1707157501248,
      "duration" : 0
    },
    "status" : "passed",
    "steps" : [ ],
    "attachments" : [ ],
    "parameters" : [ ],
    "stepsCount" : 0,
    "attachmentsCount" : 0,
    "shouldDisplayMessage" : false,
    "hasContent" : false
  }, {
    "name" : "packages_yml",
    "time" : {
      "start" : 1707157500823,
      "stop" : 1707157500823,
      "duration" : 0
    },
    "status" : "passed",
    "steps" : [ ],
    "attachments" : [ ],
    "parameters" : [ ],
    "stepsCount" : 0,
    "attachmentsCount" : 0,
    "shouldDisplayMessage" : false,
    "hasContent" : false
  }, {
    "name" : "properties",
    "time" : {
      "start" : 1707157501248,
      "stop" : 1707157501248,
      "duration" : 0
    },
    "status" : "passed",
    "steps" : [ ],
    "attachments" : [ ],
    "parameters" : [ ],
    "stepsCount" : 0,
    "attachmentsCount" : 0,
    "shouldDisplayMessage" : false,
    "hasContent" : false
  }, {
    "name" : "clean_up_logging",
    "time" : {
      "start" : 1707157500820,
      "stop" : 1707157500820,
      "duration" : 0
    },
    "status" : "passed",
    "steps" : [ ],
    "attachments" : [ ],
    "parameters" : [ ],
    "stepsCount" : 0,
    "attachmentsCount" : 0,
    "shouldDisplayMessage" : false,
    "hasContent" : false
  }, {
    "name" : "dependencies",
    "time" : {
      "start" : 1707157500823,
      "stop" : 1707157500823,
      "duration" : 0
    },
    "status" : "passed",
    "steps" : [ ],
    "attachments" : [ ],
    "parameters" : [ ],
    "stepsCount" : 0,
    "attachmentsCount" : 0,
    "shouldDisplayMessage" : false,
    "hasContent" : false
  }, {
    "name" : "seeds",
    "time" : {
      "start" : 1707157501248,
      "stop" : 1707157501248,
      "duration" : 0
    },
    "status" : "passed",
    "steps" : [ ],
    "attachments" : [ ],
    "parameters" : [ ],
    "stepsCount" : 0,
    "attachmentsCount" : 0,
    "shouldDisplayMessage" : false,
    "hasContent" : false
  }, {
    "name" : "logs_dir",
    "time" : {
      "start" : 1707157501249,
      "stop" : 1707157501249,
      "duration" : 0
    },
    "status" : "passed",
    "steps" : [ ],
    "attachments" : [ ],
    "parameters" : [ ],
    "stepsCount" : 0,
    "attachmentsCount" : 0,
    "shouldDisplayMessage" : false,
    "hasContent" : false
  }, {
    "name" : "shared_data_dir",
    "time" : {
      "start" : 1707156084589,
      "stop" : 1707156084589,
      "duration" : 0
    },
    "status" : "passed",
    "steps" : [ ],
    "attachments" : [ ],
    "parameters" : [ ],
    "stepsCount" : 0,
    "attachmentsCount" : 0,
    "shouldDisplayMessage" : false,
    "hasContent" : false
  }, {
    "name" : "adapter",
    "time" : {
      "start" : 1707157500824,
      "stop" : 1707157501248,
      "duration" : 424
    },
    "status" : "passed",
    "steps" : [ ],
    "attachments" : [ ],
    "parameters" : [ ],
    "stepsCount" : 0,
    "attachmentsCount" : 0,
    "shouldDisplayMessage" : false,
    "hasContent" : false
  }, {
    "name" : "project_root",
    "time" : {
      "start" : 1707157500820,
      "stop" : 1707157500820,
      "duration" : 0
    },
    "status" : "passed",
    "steps" : [ ],
    "attachments" : [ ],
    "parameters" : [ ],
    "stepsCount" : 0,
    "attachmentsCount" : 0,
    "shouldDisplayMessage" : false,
    "hasContent" : false
  }, {
    "name" : "snapshots",
    "time" : {
      "start" : 1707157501248,
      "stop" : 1707157501248,
      "duration" : 0
    },
    "status" : "passed",
    "steps" : [ ],
    "attachments" : [ ],
    "parameters" : [ ],
    "stepsCount" : 0,
    "attachmentsCount" : 0,
    "shouldDisplayMessage" : false,
    "hasContent" : false
  }, {
    "name" : "tests",
    "time" : {
      "start" : 1707157501248,
      "stop" : 1707157501248,
      "duration" : 0
    },
    "status" : "passed",
    "steps" : [ ],
    "attachments" : [ ],
    "parameters" : [ ],
    "stepsCount" : 0,
    "attachmentsCount" : 0,
    "shouldDisplayMessage" : false,
    "hasContent" : false
  }, {
    "name" : "dbt_profile_target",
    "time" : {
      "start" : 1707157500821,
      "stop" : 1707157500821,
      "duration" : 0
    },
    "status" : "passed",
    "steps" : [ ],
    "attachments" : [ ],
    "parameters" : [ ],
    "stepsCount" : 0,
    "attachmentsCount" : 0,
    "shouldDisplayMessage" : false,
    "hasContent" : false
  }, {
    "name" : "unique_schema",
    "time" : {
      "start" : 1707157500821,
      "stop" : 1707157500821,
      "duration" : 0
    },
    "status" : "passed",
    "steps" : [ ],
    "attachments" : [ ],
    "parameters" : [ ],
    "stepsCount" : 0,
    "attachmentsCount" : 0,
    "shouldDisplayMessage" : false,
    "hasContent" : false
  }, {
    "name" : "dbt_project_yml",
    "time" : {
      "start" : 1707157500823,
      "stop" : 1707157500823,
      "duration" : 0
    },
    "status" : "passed",
    "steps" : [ ],
    "attachments" : [ ],
    "parameters" : [ ],
    "stepsCount" : 0,
    "attachmentsCount" : 0,
    "shouldDisplayMessage" : false,
    "hasContent" : false
  }, {
    "name" : "test_data_dir",
    "time" : {
      "start" : 1707157400378,
      "stop" : 1707157400378,
      "duration" : 0
    },
    "status" : "passed",
    "steps" : [ ],
    "attachments" : [ ],
    "parameters" : [ ],
    "stepsCount" : 0,
    "attachmentsCount" : 0,
    "shouldDisplayMessage" : false,
    "hasContent" : false
  }, {
    "name" : "project_files",
    "time" : {
      "start" : 1707157501248,
      "stop" : 1707157501249,
      "duration" : 1
    },
    "status" : "passed",
    "steps" : [ ],
    "attachments" : [ ],
    "parameters" : [ ],
    "stepsCount" : 0,
    "attachmentsCount" : 0,
    "shouldDisplayMessage" : false,
    "hasContent" : false
  }, {
    "name" : "macros",
    "time" : {
      "start" : 1707157623629,
      "stop" : 1707157623629,
      "duration" : 0
    },
    "status" : "passed",
    "steps" : [ ],
    "attachments" : [ ],
    "parameters" : [ ],
    "stepsCount" : 0,
    "attachmentsCount" : 0,
    "shouldDisplayMessage" : false,
    "hasContent" : false
  }, {
    "name" : "selectors",
    "time" : {
      "start" : 1707157500823,
      "stop" : 1707157500823,
      "duration" : 0
    },
    "status" : "passed",
    "steps" : [ ],
    "attachments" : [ ],
    "parameters" : [ ],
    "stepsCount" : 0,
    "attachmentsCount" : 0,
    "shouldDisplayMessage" : false,
    "hasContent" : false
  }, {
    "name" : "project_config_update",
    "time" : {
      "start" : 1707157500823,
      "stop" : 1707157500823,
      "duration" : 0
    },
    "status" : "passed",
    "steps" : [ ],
    "attachments" : [ ],
    "parameters" : [ ],
    "stepsCount" : 0,
    "attachmentsCount" : 0,
    "shouldDisplayMessage" : false,
    "hasContent" : false
  }, {
    "name" : "dbt_profile_data",
    "time" : {
      "start" : 1707157500821,
      "stop" : 1707157500821,
      "duration" : 0
    },
    "status" : "passed",
    "steps" : [ ],
    "attachments" : [ ],
    "parameters" : [ ],
    "stepsCount" : 0,
    "attachmentsCount" : 0,
    "shouldDisplayMessage" : false,
    "hasContent" : false
  }, {
    "name" : "packages",
    "time" : {
      "start" : 1707157500823,
      "stop" : 1707157500823,
      "duration" : 0
    },
    "status" : "passed",
    "steps" : [ ],
    "attachments" : [ ],
    "parameters" : [ ],
    "stepsCount" : 0,
    "attachmentsCount" : 0,
    "shouldDisplayMessage" : false,
    "hasContent" : false
  } ],
  "testStage" : {
    "status" : "failed",
    "statusMessage" : "AssertionError: dbt exit state did not match expected",
    "statusTrace" : "self = <test_utils.TestEscapeSingleQuotes object at 0x7f45f8940370>\nproject = <dbt.tests.fixtures.project.TestProjInfo object at 0x7f45f61b40a0>\n\n    def test_build_assert_equal(self, project):\n>       run_dbt([\"build\"])  # seed, model, test\n\n/opt/hostedtoolcache/Python/3.9.18/x64/lib/python3.9/site-packages/dbt/tests/adapter/utils/base_utils.py:55: \n_ _ _ _ _ _ _ _ _ _ _ _ _ _ _ _ _ _ _ _ _ _ _ _ _ _ _ _ _ _ _ _ _ _ _ _ _ _ _ _ \n\nargs = ['build', '--project-dir', '/tmp/pytest-of-runner/pytest-0/project57', '--profiles-dir', '/tmp/pytest-of-runner/pytest-0/profile57']\nexpect_pass = True\n\n    def run_dbt(\n        args: Optional[List[str]] = None,\n        expect_pass: bool = True,\n    ):\n        # Ignore logbook warnings\n        warnings.filterwarnings(\"ignore\", category=DeprecationWarning, module=\"logbook\")\n    \n        # reset global vars\n        reset_metadata_vars()\n    \n        # The logger will complain about already being initialized if\n        # we don't do this.\n        log_manager.reset_handlers()\n        if args is None:\n            args = [\"run\"]\n    \n        print(\"\\n\\nInvoking dbt with {}\".format(args))\n        from dbt.flags import get_flags\n    \n        flags = get_flags()\n        project_dir = getattr(flags, \"PROJECT_DIR\", None)\n        profiles_dir = getattr(flags, \"PROFILES_DIR\", None)\n        if project_dir and \"--project-dir\" not in args:\n            args.extend([\"--project-dir\", project_dir])\n        if profiles_dir and \"--profiles-dir\" not in args:\n            args.extend([\"--profiles-dir\", profiles_dir])\n    \n        dbt = dbtRunner()\n        res = dbt.invoke(args)\n    \n        # the exception is immediately raised to be caught in tests\n        # using a pattern like `with pytest.raises(SomeException):`\n        if res.exception is not None:\n            raise res.exception\n    \n        if expect_pass is not None:\n>           assert res.success == expect_pass, \"dbt exit state did not match expected\"\nE           AssertionError: dbt exit state did not match expected\n\n/opt/hostedtoolcache/Python/3.9.18/x64/lib/python3.9/site-packages/dbt/tests/util.py:108: AssertionError",
    "steps" : [ ],
    "attachments" : [ {
      "uid" : "5ed60fa1da51efd",
      "name" : "log",
      "source" : "5ed60fa1da51efd.txt",
      "type" : "text/plain",
      "size" : 22085
    }, {
      "uid" : "b8b1aaa9812245e1",
      "name" : "stdout",
      "source" : "b8b1aaa9812245e1.txt",
      "type" : "text/plain",
      "size" : 1889
    } ],
    "parameters" : [ ],
    "stepsCount" : 0,
    "attachmentsCount" : 2,
    "shouldDisplayMessage" : true,
    "hasContent" : true
  },
  "afterStages" : [ {
    "name" : "project::0",
    "time" : {
      "start" : 1707157506408,
      "stop" : 1707157513222,
      "duration" : 6814
    },
    "status" : "passed",
    "steps" : [ ],
    "attachments" : [ ],
    "parameters" : [ ],
    "stepsCount" : 0,
    "attachmentsCount" : 0,
    "shouldDisplayMessage" : false,
    "hasContent" : false
  }, {
    "name" : "profiles_yml::0",
    "time" : {
      "start" : 1707157513227,
      "stop" : 1707157513227,
      "duration" : 0
    },
    "status" : "passed",
    "steps" : [ ],
    "attachments" : [ ],
    "parameters" : [ ],
    "stepsCount" : 0,
    "attachmentsCount" : 0,
    "shouldDisplayMessage" : false,
    "hasContent" : false
  }, {
    "name" : "logs_dir::0",
    "time" : {
      "start" : 1707157513223,
      "stop" : 1707157513223,
      "duration" : 0
    },
    "status" : "passed",
    "steps" : [ ],
    "attachments" : [ ],
    "parameters" : [ ],
    "stepsCount" : 0,
    "attachmentsCount" : 0,
    "shouldDisplayMessage" : false,
    "hasContent" : false
  }, {
    "name" : "adapter::0",
    "time" : {
      "start" : 1707157513225,
      "stop" : 1707157513225,
      "duration" : 0
    },
    "status" : "passed",
    "steps" : [ ],
    "attachments" : [ ],
    "parameters" : [ ],
    "stepsCount" : 0,
    "attachmentsCount" : 0,
    "shouldDisplayMessage" : false,
    "hasContent" : false
  } ],
  "labels" : [ {
    "name" : "parentSuite",
    "value" : "tests.functional.adapter.utils"
  }, {
    "name" : "suite",
    "value" : "test_utils"
  }, {
    "name" : "subSuite",
    "value" : "TestEscapeSingleQuotes"
  }, {
    "name" : "host",
    "value" : "fv-az1113-935"
  }, {
    "name" : "thread",
    "value" : "2385-MainThread"
  }, {
    "name" : "framework",
    "value" : "pytest"
  }, {
    "name" : "language",
    "value" : "cpython3"
  }, {
    "name" : "package",
    "value" : "tests.functional.adapter.utils.test_utils"
  }, {
    "name" : "resultFormat",
    "value" : "allure2"
  } ],
  "parameters" : [ ],
  "links" : [ ],
  "hidden" : false,
  "retry" : false,
  "extra" : {
    "severity" : "normal",
    "retries" : [ ],
    "categories" : [ {
      "name" : "Product defects",
      "matchedStatuses" : [ ],
      "flaky" : false
    } ],
    "tags" : [ ]
  },
  "source" : "e257d2acade9ea47.json",
  "parameterValues" : [ ]
}