{"uid":"299da5c307e3d940","name":"test_invalid_input","fullName":"tests.functional.adapter.unit_testing.test_unit_testing.TestFireboltUnitTestInvalidInput#test_invalid_input","historyId":"8fbe6864df4a5e1bad36c0664c16effb","time":{"start":1753719209042,"stop":1753719210338,"duration":1296},"status":"failed","statusMessage":"AssertionError: assert \"Invalid column name: 'invalid_column_name' in unit test fixture for expected output.\" in '\\x1b[0m16:13:29  Running with dbt=1.10.5\\n\\x1b[0m16:13:29  Registered adapter: firebolt=1.9.4\\n\\x1b[0m16:13:29  [\\x1b[33mWARNING\\x1b[0m]: Configuration paths exist in your dbt_project.yml file which do not apply to any resources.\\nThere are 8 unused configuration paths:\\n- models.base\\n- seeds.test\\n- seeds.base\\n- snapshots.test\\n- snapshots.base\\n- data_tests.test\\n- data_tests.base\\n- unit_tests.base\\n\\x1b[0m16:13:29  Found 2 models, 464 macros, 2 unit tests\\n\\x1b[0m16:13:29  \\n\\x1b[0m16:13:29  Concurrency: 1 threads (target=\\'default\\')\\n\\x1b[0m16:13:29  \\n\\x1b[0m16:13:30  1 of 1 START unit_test my_model::test_invalid_expect_column_name ............... [RUN]\\n\\x1b[0m16:13:30  1 of 1 ERROR my_model::test_invalid_expect_column_name ......................... [\\x1b[31mERROR\\x1b[0m in 0.28s]\\n\\x1b[0m16:13:30  \\n\\x1b[0m16:13:30  Finished running 1 unit test in 0 hours 0 minutes and 0.36 seconds (0.36s).\\n\\x1b[0m16:13:30  \\n\\x1b[0m16:13:30  \\x1b[31mCompleted with 1 error, 0 partial successes, and 0 warnings:\\x1b[0m\\n\\x1b[0m16:13:30  \\n\\x1b[0m16:13:30  \\x1b[31mFailure in unit_test test_invalid_expect_column_name (models/unit_tests.yml)\\x1b[0m\\n\\x1b[0m16:13:30    Runtime Error in unit_test test_invalid_expect_column_name (models/unit_tests.yml)\\n  An error occurred during execution of unit test \\'test_invalid_expect_column_name\\'. There may be an error in the unit test definition: check the data types.\\n   Runtime Error\\n    Error executing query:\\n    {\\n      \"errors\": [\\n        {\\n          \"description\": \"CREATE DIMENSION TABLE AS SELECT is not supported in Firebolt Core\"\\n        }\\n      ],\\n      \"query\": {\\n        \"query_id\": \"6f754f55-aa61-4794-a455-794ef7ff4088\",\\n        \"query_label\": null,\\n        \"request_id\": \"05cfbc85-17d0-4dcd-894b-a2d4119b65cc\"\\n      },\\n      \"statistics\": {\\n        \"elapsed\": 0.0\\n      }\\n    }\\n    \\n\\x1b[0m16:13:30  \\n\\x1b[0m16:13:30  Done. PASS=0 WARN=0 ERROR=1 SKIP=0 NO-OP=0 TOTAL=1\\n'","statusTrace":"self = <test_unit_testing.TestFireboltUnitTestInvalidInput object at 0x7f3a151212d0>\nproject = <dbt.tests.fixtures.project.TestProjInfo object at 0x7f3a10983df0>\n\n    def test_invalid_input(self, project):\n        results = run_dbt([\"run\"])\n        assert len(results) == 2\n    \n        _, out = run_dbt_and_capture(\n            [\"test\", \"--select\", \"test_name:test_invalid_input_column_name\"], expect_pass=False\n        )\n        assert (\n            \"Invalid column name: 'invalid_column_name' in unit test fixture for 'my_upstream_model'.\"\n            in out\n        )\n    \n        _, out = run_dbt_and_capture(\n            [\"test\", \"--select\", \"test_name:test_invalid_expect_column_name\"], expect_pass=False\n        )\n>       assert (\n            \"Invalid column name: 'invalid_column_name' in unit test fixture for expected output.\"\n            in out\n        )\nE       assert \"Invalid column name: 'invalid_column_name' in unit test fixture for expected output.\" in '\\x1b[0m16:13:29  Running with dbt=1.10.5\\n\\x1b[0m16:13:29  Registered adapter: firebolt=1.9.4\\n\\x1b[0m16:13:29  [\\x1b[33mWARNING\\x1b[0m]: Configuration paths exist in your dbt_project.yml file which do not apply to any resources.\\nThere are 8 unused configuration paths:\\n- models.base\\n- seeds.test\\n- seeds.base\\n- snapshots.test\\n- snapshots.base\\n- data_tests.test\\n- data_tests.base\\n- unit_tests.base\\n\\x1b[0m16:13:29  Found 2 models, 464 macros, 2 unit tests\\n\\x1b[0m16:13:29  \\n\\x1b[0m16:13:29  Concurrency: 1 threads (target=\\'default\\')\\n\\x1b[0m16:13:29  \\n\\x1b[0m16:13:30  1 of 1 START unit_test my_model::test_invalid_expect_column_name ............... [RUN]\\n\\x1b[0m16:13:30  1 of 1 ERROR my_model::test_invalid_expect_column_name ......................... [\\x1b[31mERROR\\x1b[0m in 0.28s]\\n\\x1b[0m16:13:30  \\n\\x1b[0m16:13:30  Finished running 1 unit test in 0 hours 0 minutes and 0.36 seconds (0.36s).\\n\\x1b[0m16:13:30  \\n\\x1b[0m16:13:30  \\x1b[31mCompleted with 1 error, 0 partial successes, and 0 warnings:\\x1b[0m\\n\\x1b[0m16:13:30  \\n\\x1b[0m16:13:30  \\x1b[31mFailure in unit_test test_invalid_expect_column_name (models/unit_tests.yml)\\x1b[0m\\n\\x1b[0m16:13:30    Runtime Error in unit_test test_invalid_expect_column_name (models/unit_tests.yml)\\n  An error occurred during execution of unit test \\'test_invalid_expect_column_name\\'. There may be an error in the unit test definition: check the data types.\\n   Runtime Error\\n    Error executing query:\\n    {\\n      \"errors\": [\\n        {\\n          \"description\": \"CREATE DIMENSION TABLE AS SELECT is not supported in Firebolt Core\"\\n        }\\n      ],\\n      \"query\": {\\n        \"query_id\": \"6f754f55-aa61-4794-a455-794ef7ff4088\",\\n        \"query_label\": null,\\n        \"request_id\": \"05cfbc85-17d0-4dcd-894b-a2d4119b65cc\"\\n      },\\n      \"statistics\": {\\n        \"elapsed\": 0.0\\n      }\\n    }\\n    \\n\\x1b[0m16:13:30  \\n\\x1b[0m16:13:30  Done. PASS=0 WARN=0 ERROR=1 SKIP=0 NO-OP=0 TOTAL=1\\n'\n\n/opt/hostedtoolcache/Python/3.10.18/x64/lib/python3.10/site-packages/dbt/tests/adapter/unit_testing/test_invalid_input.py:61: AssertionError","flaky":false,"newFailed":false,"newBroken":false,"newPassed":false,"retriesCount":0,"retriesStatusChange":false,"beforeStages":[{"name":"tmpdir_factory","time":{"start":1753719048421,"stop":1753719048421,"duration":0},"status":"passed","steps":[],"attachments":[],"parameters":[],"shouldDisplayMessage":false,"stepsCount":0,"attachmentsCount":0,"hasContent":false,"attachmentStep":false},{"name":"shared_data_dir","time":{"start":1753719048421,"stop":1753719048421,"duration":0},"status":"passed","steps":[],"attachments":[],"parameters":[],"shouldDisplayMessage":false,"stepsCount":0,"attachmentsCount":0,"hasContent":false,"attachmentStep":false},{"name":"test_data_dir","time":{"start":1753719207314,"stop":1753719207314,"duration":0},"status":"passed","steps":[],"attachments":[],"parameters":[],"shouldDisplayMessage":false,"stepsCount":0,"attachmentsCount":0,"hasContent":false,"attachmentStep":false},{"name":"initialization","time":{"start":1753719208943,"stop":1753719208943,"duration":0},"status":"passed","steps":[],"attachments":[],"parameters":[],"shouldDisplayMessage":false,"stepsCount":0,"attachmentsCount":0,"hasContent":false,"attachmentStep":false},{"name":"environment","time":{"start":1753719208943,"stop":1753719208943,"duration":0},"status":"passed","steps":[],"attachments":[],"parameters":[],"shouldDisplayMessage":false,"stepsCount":0,"attachmentsCount":0,"hasContent":false,"attachmentStep":false},{"name":"clean_up_logging","time":{"start":1753719208943,"stop":1753719208943,"duration":0},"status":"passed","steps":[],"attachments":[],"parameters":[],"shouldDisplayMessage":false,"stepsCount":0,"attachmentsCount":0,"hasContent":false,"attachmentStep":false},{"name":"project_root","time":{"start":1753719208943,"stop":1753719208944,"duration":1},"status":"passed","steps":[],"attachments":[],"parameters":[],"shouldDisplayMessage":false,"stepsCount":0,"attachmentsCount":0,"hasContent":false,"attachmentStep":false},{"name":"profiles_root","time":{"start":1753719208944,"stop":1753719208944,"duration":0},"status":"passed","steps":[],"attachments":[],"parameters":[],"shouldDisplayMessage":false,"stepsCount":0,"attachmentsCount":0,"hasContent":false,"attachmentStep":false},{"name":"profiles_config_update","time":{"start":1753719208945,"stop":1753719208945,"duration":0},"status":"passed","steps":[],"attachments":[],"parameters":[],"shouldDisplayMessage":false,"stepsCount":0,"attachmentsCount":0,"hasContent":false,"attachmentStep":false},{"name":"unique_schema","time":{"start":1753719208945,"stop":1753719208945,"duration":0},"status":"passed","steps":[],"attachments":[],"parameters":[],"shouldDisplayMessage":false,"stepsCount":0,"attachmentsCount":0,"hasContent":false,"attachmentStep":false},{"name":"profiles_yml","time":{"start":1753719208945,"stop":1753719208946,"duration":1},"status":"passed","steps":[],"attachments":[],"parameters":[],"shouldDisplayMessage":false,"stepsCount":0,"attachmentsCount":0,"hasContent":false,"attachmentStep":false},{"name":"prefix","time":{"start":1753719208945,"stop":1753719208945,"duration":0},"status":"passed","steps":[],"attachments":[],"parameters":[],"shouldDisplayMessage":false,"stepsCount":0,"attachmentsCount":0,"hasContent":false,"attachmentStep":false},{"name":"dbt_profile_target","time":{"start":1753719208945,"stop":1753719208945,"duration":0},"status":"passed","steps":[],"attachments":[],"parameters":[],"shouldDisplayMessage":false,"stepsCount":0,"attachmentsCount":0,"hasContent":false,"attachmentStep":false},{"name":"dbt_profile_data","time":{"start":1753719208945,"stop":1753719208945,"duration":0},"status":"passed","steps":[],"attachments":[],"parameters":[],"shouldDisplayMessage":false,"stepsCount":0,"attachmentsCount":0,"hasContent":false,"attachmentStep":false},{"name":"is_firebolt_core","time":{"start":1753719208946,"stop":1753719208946,"duration":0},"status":"passed","steps":[],"attachments":[],"parameters":[],"shouldDisplayMessage":false,"stepsCount":0,"attachmentsCount":0,"hasContent":false,"attachmentStep":false},{"name":"logs_dir","time":{"start":1753719208946,"stop":1753719208946,"duration":0},"status":"passed","steps":[],"attachments":[],"parameters":[],"shouldDisplayMessage":false,"stepsCount":0,"attachmentsCount":0,"hasContent":false,"attachmentStep":false},{"name":"project_config_update","time":{"start":1753719208946,"stop":1753719208946,"duration":0},"status":"passed","steps":[],"attachments":[],"parameters":[],"shouldDisplayMessage":false,"stepsCount":0,"attachmentsCount":0,"hasContent":false,"attachmentStep":false},{"name":"dbt_project_yml","time":{"start":1753719208946,"stop":1753719208948,"duration":2},"status":"passed","steps":[],"attachments":[],"parameters":[],"shouldDisplayMessage":false,"stepsCount":0,"attachmentsCount":0,"hasContent":false,"attachmentStep":false},{"name":"adapter","time":{"start":1753719208948,"stop":1753719208981,"duration":33},"status":"passed","steps":[],"attachments":[],"parameters":[],"shouldDisplayMessage":false,"stepsCount":0,"attachmentsCount":0,"hasContent":false,"attachmentStep":false},{"name":"test_config","time":{"start":1753719208981,"stop":1753719208982,"duration":1},"status":"passed","steps":[],"attachments":[],"parameters":[],"shouldDisplayMessage":false,"stepsCount":0,"attachmentsCount":0,"hasContent":false,"attachmentStep":false},{"name":"project_setup","time":{"start":1753719208982,"stop":1753719209039,"duration":57},"status":"passed","steps":[],"attachments":[],"parameters":[],"shouldDisplayMessage":false,"stepsCount":0,"attachmentsCount":0,"hasContent":false,"attachmentStep":false},{"name":"models","time":{"start":1753719209039,"stop":1753719209040,"duration":1},"status":"passed","steps":[],"attachments":[],"parameters":[],"shouldDisplayMessage":false,"stepsCount":0,"attachmentsCount":0,"hasContent":false,"attachmentStep":false},{"name":"snapshots","time":{"start":1753719209040,"stop":1753719209040,"duration":0},"status":"passed","steps":[],"attachments":[],"parameters":[],"shouldDisplayMessage":false,"stepsCount":0,"attachmentsCount":0,"hasContent":false,"attachmentStep":false},{"name":"dependencies","time":{"start":1753719209040,"stop":1753719209040,"duration":0},"status":"passed","steps":[],"attachments":[],"parameters":[],"shouldDisplayMessage":false,"stepsCount":0,"attachmentsCount":0,"hasContent":false,"attachmentStep":false},{"name":"selectors_yml","time":{"start":1753719209040,"stop":1753719209040,"duration":0},"status":"passed","steps":[],"attachments":[],"parameters":[],"shouldDisplayMessage":false,"stepsCount":0,"attachmentsCount":0,"hasContent":false,"attachmentStep":false},{"name":"seeds","time":{"start":1753719209040,"stop":1753719209040,"duration":0},"status":"passed","steps":[],"attachments":[],"parameters":[],"shouldDisplayMessage":false,"stepsCount":0,"attachmentsCount":0,"hasContent":false,"attachmentStep":false},{"name":"dependencies_yml","time":{"start":1753719209040,"stop":1753719209040,"duration":0},"status":"passed","steps":[],"attachments":[],"parameters":[],"shouldDisplayMessage":false,"stepsCount":0,"attachmentsCount":0,"hasContent":false,"attachmentStep":false},{"name":"properties","time":{"start":1753719209040,"stop":1753719209040,"duration":0},"status":"passed","steps":[],"attachments":[],"parameters":[],"shouldDisplayMessage":false,"stepsCount":0,"attachmentsCount":0,"hasContent":false,"attachmentStep":false},{"name":"analyses","time":{"start":1753719209040,"stop":1753719209040,"duration":0},"status":"passed","steps":[],"attachments":[],"parameters":[],"shouldDisplayMessage":false,"stepsCount":0,"attachmentsCount":0,"hasContent":false,"attachmentStep":false},{"name":"tests","time":{"start":1753719209040,"stop":1753719209040,"duration":0},"status":"passed","steps":[],"attachments":[],"parameters":[],"shouldDisplayMessage":false,"stepsCount":0,"attachmentsCount":0,"hasContent":false,"attachmentStep":false},{"name":"selectors","time":{"start":1753719209040,"stop":1753719209040,"duration":0},"status":"passed","steps":[],"attachments":[],"parameters":[],"shouldDisplayMessage":false,"stepsCount":0,"attachmentsCount":0,"hasContent":false,"attachmentStep":false},{"name":"macros","time":{"start":1753719209040,"stop":1753719209040,"duration":0},"status":"passed","steps":[],"attachments":[],"parameters":[],"shouldDisplayMessage":false,"stepsCount":0,"attachmentsCount":0,"hasContent":false,"attachmentStep":false},{"name":"packages","time":{"start":1753719209041,"stop":1753719209041,"duration":0},"status":"passed","steps":[],"attachments":[],"parameters":[],"shouldDisplayMessage":false,"stepsCount":0,"attachmentsCount":0,"hasContent":false,"attachmentStep":false},{"name":"project_files","time":{"start":1753719209041,"stop":1753719209041,"duration":0},"status":"passed","steps":[],"attachments":[],"parameters":[],"shouldDisplayMessage":false,"stepsCount":0,"attachmentsCount":0,"hasContent":false,"attachmentStep":false},{"name":"project","time":{"start":1753719209041,"stop":1753719209041,"duration":0},"status":"passed","steps":[],"attachments":[],"parameters":[],"shouldDisplayMessage":false,"stepsCount":0,"attachmentsCount":0,"hasContent":false,"attachmentStep":false},{"name":"packages_yml","time":{"start":1753719209041,"stop":1753719209041,"duration":0},"status":"passed","steps":[],"attachments":[],"parameters":[],"shouldDisplayMessage":false,"stepsCount":0,"attachmentsCount":0,"hasContent":false,"attachmentStep":false}],"testStage":{"status":"failed","statusMessage":"AssertionError: assert \"Invalid column name: 'invalid_column_name' in unit test fixture for expected output.\" in '\\x1b[0m16:13:29  Running with dbt=1.10.5\\n\\x1b[0m16:13:29  Registered adapter: firebolt=1.9.4\\n\\x1b[0m16:13:29  [\\x1b[33mWARNING\\x1b[0m]: Configuration paths exist in your dbt_project.yml file which do not apply to any resources.\\nThere are 8 unused configuration paths:\\n- models.base\\n- seeds.test\\n- seeds.base\\n- snapshots.test\\n- snapshots.base\\n- data_tests.test\\n- data_tests.base\\n- unit_tests.base\\n\\x1b[0m16:13:29  Found 2 models, 464 macros, 2 unit tests\\n\\x1b[0m16:13:29  \\n\\x1b[0m16:13:29  Concurrency: 1 threads (target=\\'default\\')\\n\\x1b[0m16:13:29  \\n\\x1b[0m16:13:30  1 of 1 START unit_test my_model::test_invalid_expect_column_name ............... [RUN]\\n\\x1b[0m16:13:30  1 of 1 ERROR my_model::test_invalid_expect_column_name ......................... [\\x1b[31mERROR\\x1b[0m in 0.28s]\\n\\x1b[0m16:13:30  \\n\\x1b[0m16:13:30  Finished running 1 unit test in 0 hours 0 minutes and 0.36 seconds (0.36s).\\n\\x1b[0m16:13:30  \\n\\x1b[0m16:13:30  \\x1b[31mCompleted with 1 error, 0 partial successes, and 0 warnings:\\x1b[0m\\n\\x1b[0m16:13:30  \\n\\x1b[0m16:13:30  \\x1b[31mFailure in unit_test test_invalid_expect_column_name (models/unit_tests.yml)\\x1b[0m\\n\\x1b[0m16:13:30    Runtime Error in unit_test test_invalid_expect_column_name (models/unit_tests.yml)\\n  An error occurred during execution of unit test \\'test_invalid_expect_column_name\\'. There may be an error in the unit test definition: check the data types.\\n   Runtime Error\\n    Error executing query:\\n    {\\n      \"errors\": [\\n        {\\n          \"description\": \"CREATE DIMENSION TABLE AS SELECT is not supported in Firebolt Core\"\\n        }\\n      ],\\n      \"query\": {\\n        \"query_id\": \"6f754f55-aa61-4794-a455-794ef7ff4088\",\\n        \"query_label\": null,\\n        \"request_id\": \"05cfbc85-17d0-4dcd-894b-a2d4119b65cc\"\\n      },\\n      \"statistics\": {\\n        \"elapsed\": 0.0\\n      }\\n    }\\n    \\n\\x1b[0m16:13:30  \\n\\x1b[0m16:13:30  Done. PASS=0 WARN=0 ERROR=1 SKIP=0 NO-OP=0 TOTAL=1\\n'","statusTrace":"self = <test_unit_testing.TestFireboltUnitTestInvalidInput object at 0x7f3a151212d0>\nproject = <dbt.tests.fixtures.project.TestProjInfo object at 0x7f3a10983df0>\n\n    def test_invalid_input(self, project):\n        results = run_dbt([\"run\"])\n        assert len(results) == 2\n    \n        _, out = run_dbt_and_capture(\n            [\"test\", \"--select\", \"test_name:test_invalid_input_column_name\"], expect_pass=False\n        )\n        assert (\n            \"Invalid column name: 'invalid_column_name' in unit test fixture for 'my_upstream_model'.\"\n            in out\n        )\n    \n        _, out = run_dbt_and_capture(\n            [\"test\", \"--select\", \"test_name:test_invalid_expect_column_name\"], expect_pass=False\n        )\n>       assert (\n            \"Invalid column name: 'invalid_column_name' in unit test fixture for expected output.\"\n            in out\n        )\nE       assert \"Invalid column name: 'invalid_column_name' in unit test fixture for expected output.\" in '\\x1b[0m16:13:29  Running with dbt=1.10.5\\n\\x1b[0m16:13:29  Registered adapter: firebolt=1.9.4\\n\\x1b[0m16:13:29  [\\x1b[33mWARNING\\x1b[0m]: Configuration paths exist in your dbt_project.yml file which do not apply to any resources.\\nThere are 8 unused configuration paths:\\n- models.base\\n- seeds.test\\n- seeds.base\\n- snapshots.test\\n- snapshots.base\\n- data_tests.test\\n- data_tests.base\\n- unit_tests.base\\n\\x1b[0m16:13:29  Found 2 models, 464 macros, 2 unit tests\\n\\x1b[0m16:13:29  \\n\\x1b[0m16:13:29  Concurrency: 1 threads (target=\\'default\\')\\n\\x1b[0m16:13:29  \\n\\x1b[0m16:13:30  1 of 1 START unit_test my_model::test_invalid_expect_column_name ............... [RUN]\\n\\x1b[0m16:13:30  1 of 1 ERROR my_model::test_invalid_expect_column_name ......................... [\\x1b[31mERROR\\x1b[0m in 0.28s]\\n\\x1b[0m16:13:30  \\n\\x1b[0m16:13:30  Finished running 1 unit test in 0 hours 0 minutes and 0.36 seconds (0.36s).\\n\\x1b[0m16:13:30  \\n\\x1b[0m16:13:30  \\x1b[31mCompleted with 1 error, 0 partial successes, and 0 warnings:\\x1b[0m\\n\\x1b[0m16:13:30  \\n\\x1b[0m16:13:30  \\x1b[31mFailure in unit_test test_invalid_expect_column_name (models/unit_tests.yml)\\x1b[0m\\n\\x1b[0m16:13:30    Runtime Error in unit_test test_invalid_expect_column_name (models/unit_tests.yml)\\n  An error occurred during execution of unit test \\'test_invalid_expect_column_name\\'. There may be an error in the unit test definition: check the data types.\\n   Runtime Error\\n    Error executing query:\\n    {\\n      \"errors\": [\\n        {\\n          \"description\": \"CREATE DIMENSION TABLE AS SELECT is not supported in Firebolt Core\"\\n        }\\n      ],\\n      \"query\": {\\n        \"query_id\": \"6f754f55-aa61-4794-a455-794ef7ff4088\",\\n        \"query_label\": null,\\n        \"request_id\": \"05cfbc85-17d0-4dcd-894b-a2d4119b65cc\"\\n      },\\n      \"statistics\": {\\n        \"elapsed\": 0.0\\n      }\\n    }\\n    \\n\\x1b[0m16:13:30  \\n\\x1b[0m16:13:30  Done. PASS=0 WARN=0 ERROR=1 SKIP=0 NO-OP=0 TOTAL=1\\n'\n\n/opt/hostedtoolcache/Python/3.10.18/x64/lib/python3.10/site-packages/dbt/tests/adapter/unit_testing/test_invalid_input.py:61: AssertionError","steps":[],"attachments":[{"uid":"a9f7c4f084d775a7","name":"log","source":"a9f7c4f084d775a7.txt","type":"text/plain","size":14338},{"uid":"5a21ed7fe35664ec","name":"stdout","source":"5a21ed7fe35664ec.txt","type":"text/plain","size":1580},{"uid":"a6431ba69a2d92e1","name":"stderr","source":"a6431ba69a2d92e1.txt","type":"text/plain","size":12001}],"parameters":[],"shouldDisplayMessage":true,"stepsCount":0,"attachmentsCount":3,"hasContent":true,"attachmentStep":false},"afterStages":[{"name":"project_setup::0","time":{"start":1753719210343,"stop":1753719210699,"duration":356},"status":"passed","steps":[],"attachments":[],"parameters":[],"shouldDisplayMessage":false,"stepsCount":0,"attachmentsCount":0,"hasContent":false,"attachmentStep":false},{"name":"adapter::0","time":{"start":1753719210699,"stop":1753719210700,"duration":1},"status":"passed","steps":[],"attachments":[],"parameters":[],"shouldDisplayMessage":false,"stepsCount":0,"attachmentsCount":0,"hasContent":false,"attachmentStep":false},{"name":"logs_dir::0","time":{"start":1753719210701,"stop":1753719210701,"duration":0},"status":"passed","steps":[],"attachments":[],"parameters":[],"shouldDisplayMessage":false,"stepsCount":0,"attachmentsCount":0,"hasContent":false,"attachmentStep":false},{"name":"profiles_yml::0","time":{"start":1753719210701,"stop":1753719210701,"duration":0},"status":"passed","steps":[],"attachments":[],"parameters":[],"shouldDisplayMessage":false,"stepsCount":0,"attachmentsCount":0,"hasContent":false,"attachmentStep":false}],"labels":[{"name":"parentSuite","value":"tests.functional.adapter.unit_testing"},{"name":"suite","value":"test_unit_testing"},{"name":"subSuite","value":"TestFireboltUnitTestInvalidInput"},{"name":"host","value":"pkrvmpptgkbjq6m"},{"name":"thread","value":"4371-MainThread"},{"name":"framework","value":"pytest"},{"name":"language","value":"cpython3"},{"name":"package","value":"tests.functional.adapter.unit_testing.test_unit_testing"},{"name":"resultFormat","value":"allure2"}],"parameters":[],"links":[],"hidden":false,"retry":false,"extra":{"severity":"normal","retries":[],"categories":[{"name":"Product defects","matchedStatuses":[],"flaky":false}],"tags":[]},"source":"299da5c307e3d940.json","parameterValues":[]}