{
  "uid" : "e6665bed1df1919d",
  "name" : "test_build_assert_equal",
  "fullName" : "tests.functional.adapter.utils.test_utils.TestEscapeSingleQuotes#test_build_assert_equal",
  "historyId" : "be43c2b928e2d3a14def6453b42037c6",
  "time" : {
    "start" : 1709557755355,
    "stop" : 1709557762022,
    "duration" : 6667
  },
  "status" : "failed",
  "statusMessage" : "AssertionError: dbt exit state did not match expected",
  "statusTrace" : "self = <test_utils.TestEscapeSingleQuotes object at 0x7feba516c670>\nproject = <dbt.tests.fixtures.project.TestProjInfo object at 0x7feba74dbac0>\n\n    def test_build_assert_equal(self, project):\n>       run_dbt([\"build\"])  # seed, model, test\n\n/opt/hostedtoolcache/Python/3.9.18/x64/lib/python3.9/site-packages/dbt/tests/adapter/utils/base_utils.py:55: \n_ _ _ _ _ _ _ _ _ _ _ _ _ _ _ _ _ _ _ _ _ _ _ _ _ _ _ _ _ _ _ _ _ _ _ _ _ _ _ _ \n\nargs = ['build', '--project-dir', '/tmp/pytest-of-runner/pytest-0/project0', '--profiles-dir', '/tmp/pytest-of-runner/pytest-0/profile0']\nexpect_pass = True\n\n    def run_dbt(\n        args: Optional[List[str]] = None,\n        expect_pass: bool = True,\n    ):\n        # Ignore logbook warnings\n        warnings.filterwarnings(\"ignore\", category=DeprecationWarning, module=\"logbook\")\n    \n        # reset global vars\n        reset_metadata_vars()\n    \n        # The logger will complain about already being initialized if\n        # we don't do this.\n        log_manager.reset_handlers()\n        if args is None:\n            args = [\"run\"]\n    \n        print(\"\\n\\nInvoking dbt with {}\".format(args))\n        from dbt.flags import get_flags\n    \n        flags = get_flags()\n        project_dir = getattr(flags, \"PROJECT_DIR\", None)\n        profiles_dir = getattr(flags, \"PROFILES_DIR\", None)\n        if project_dir and \"--project-dir\" not in args:\n            args.extend([\"--project-dir\", project_dir])\n        if profiles_dir and \"--profiles-dir\" not in args:\n            args.extend([\"--profiles-dir\", profiles_dir])\n    \n        dbt = dbtRunner()\n        res = dbt.invoke(args)\n    \n        # the exception is immediately raised to be caught in tests\n        # using a pattern like `with pytest.raises(SomeException):`\n        if res.exception is not None:\n            raise res.exception\n    \n        if expect_pass is not None:\n>           assert res.success == expect_pass, \"dbt exit state did not match expected\"\nE           AssertionError: dbt exit state did not match expected\n\n/opt/hostedtoolcache/Python/3.9.18/x64/lib/python3.9/site-packages/dbt/tests/util.py:108: AssertionError",
  "flaky" : false,
  "newFailed" : false,
  "beforeStages" : [ {
    "name" : "dbt_profile_data",
    "time" : {
      "start" : 1709557751821,
      "stop" : 1709557751821,
      "duration" : 0
    },
    "status" : "passed",
    "steps" : [ ],
    "attachments" : [ ],
    "parameters" : [ ],
    "stepsCount" : 0,
    "attachmentsCount" : 0,
    "shouldDisplayMessage" : false,
    "hasContent" : false
  }, {
    "name" : "selectors",
    "time" : {
      "start" : 1709557751823,
      "stop" : 1709557751823,
      "duration" : 0
    },
    "status" : "passed",
    "steps" : [ ],
    "attachments" : [ ],
    "parameters" : [ ],
    "stepsCount" : 0,
    "attachmentsCount" : 0,
    "shouldDisplayMessage" : false,
    "hasContent" : false
  }, {
    "name" : "properties",
    "time" : {
      "start" : 1709557752819,
      "stop" : 1709557752819,
      "duration" : 0
    },
    "status" : "passed",
    "steps" : [ ],
    "attachments" : [ ],
    "parameters" : [ ],
    "stepsCount" : 0,
    "attachmentsCount" : 0,
    "shouldDisplayMessage" : false,
    "hasContent" : false
  }, {
    "name" : "snapshots",
    "time" : {
      "start" : 1709557752819,
      "stop" : 1709557752819,
      "duration" : 0
    },
    "status" : "passed",
    "steps" : [ ],
    "attachments" : [ ],
    "parameters" : [ ],
    "stepsCount" : 0,
    "attachmentsCount" : 0,
    "shouldDisplayMessage" : false,
    "hasContent" : false
  }, {
    "name" : "project_files",
    "time" : {
      "start" : 1709557752819,
      "stop" : 1709557752820,
      "duration" : 1
    },
    "status" : "passed",
    "steps" : [ ],
    "attachments" : [ ],
    "parameters" : [ ],
    "stepsCount" : 0,
    "attachmentsCount" : 0,
    "shouldDisplayMessage" : false,
    "hasContent" : false
  }, {
    "name" : "dbt_profile_target",
    "time" : {
      "start" : 1709557751821,
      "stop" : 1709557751821,
      "duration" : 0
    },
    "status" : "passed",
    "steps" : [ ],
    "attachments" : [ ],
    "parameters" : [ ],
    "stepsCount" : 0,
    "attachmentsCount" : 0,
    "shouldDisplayMessage" : false,
    "hasContent" : false
  }, {
    "name" : "project_root",
    "time" : {
      "start" : 1709557751819,
      "stop" : 1709557751820,
      "duration" : 1
    },
    "status" : "passed",
    "steps" : [ ],
    "attachments" : [ ],
    "parameters" : [ ],
    "stepsCount" : 0,
    "attachmentsCount" : 0,
    "shouldDisplayMessage" : false,
    "hasContent" : false
  }, {
    "name" : "tests",
    "time" : {
      "start" : 1709557752819,
      "stop" : 1709557752819,
      "duration" : 0
    },
    "status" : "passed",
    "steps" : [ ],
    "attachments" : [ ],
    "parameters" : [ ],
    "stepsCount" : 0,
    "attachmentsCount" : 0,
    "shouldDisplayMessage" : false,
    "hasContent" : false
  }, {
    "name" : "prefix",
    "time" : {
      "start" : 1709557751820,
      "stop" : 1709557751820,
      "duration" : 0
    },
    "status" : "passed",
    "steps" : [ ],
    "attachments" : [ ],
    "parameters" : [ ],
    "stepsCount" : 0,
    "attachmentsCount" : 0,
    "shouldDisplayMessage" : false,
    "hasContent" : false
  }, {
    "name" : "profiles_root",
    "time" : {
      "start" : 1709557751820,
      "stop" : 1709557751820,
      "duration" : 0
    },
    "status" : "passed",
    "steps" : [ ],
    "attachments" : [ ],
    "parameters" : [ ],
    "stepsCount" : 0,
    "attachmentsCount" : 0,
    "shouldDisplayMessage" : false,
    "hasContent" : false
  }, {
    "name" : "test_config",
    "time" : {
      "start" : 1709557752820,
      "stop" : 1709557752820,
      "duration" : 0
    },
    "status" : "passed",
    "steps" : [ ],
    "attachments" : [ ],
    "parameters" : [ ],
    "stepsCount" : 0,
    "attachmentsCount" : 0,
    "shouldDisplayMessage" : false,
    "hasContent" : false
  }, {
    "name" : "selectors_yml",
    "time" : {
      "start" : 1709557751823,
      "stop" : 1709557751823,
      "duration" : 0
    },
    "status" : "passed",
    "steps" : [ ],
    "attachments" : [ ],
    "parameters" : [ ],
    "stepsCount" : 0,
    "attachmentsCount" : 0,
    "shouldDisplayMessage" : false,
    "hasContent" : false
  }, {
    "name" : "clean_up_logging",
    "time" : {
      "start" : 1709557751818,
      "stop" : 1709557751818,
      "duration" : 0
    },
    "status" : "passed",
    "steps" : [ ],
    "attachments" : [ ],
    "parameters" : [ ],
    "stepsCount" : 0,
    "attachmentsCount" : 0,
    "shouldDisplayMessage" : false,
    "hasContent" : false
  }, {
    "name" : "seeds",
    "time" : {
      "start" : 1709557752819,
      "stop" : 1709557752819,
      "duration" : 0
    },
    "status" : "passed",
    "steps" : [ ],
    "attachments" : [ ],
    "parameters" : [ ],
    "stepsCount" : 0,
    "attachmentsCount" : 0,
    "shouldDisplayMessage" : false,
    "hasContent" : false
  }, {
    "name" : "profiles_yml",
    "time" : {
      "start" : 1709557751821,
      "stop" : 1709557751822,
      "duration" : 1
    },
    "status" : "passed",
    "steps" : [ ],
    "attachments" : [ ],
    "parameters" : [ ],
    "stepsCount" : 0,
    "attachmentsCount" : 0,
    "shouldDisplayMessage" : false,
    "hasContent" : false
  }, {
    "name" : "project_config_update",
    "time" : {
      "start" : 1709557751822,
      "stop" : 1709557751822,
      "duration" : 0
    },
    "status" : "passed",
    "steps" : [ ],
    "attachments" : [ ],
    "parameters" : [ ],
    "stepsCount" : 0,
    "attachmentsCount" : 0,
    "shouldDisplayMessage" : false,
    "hasContent" : false
  }, {
    "name" : "tmpdir_factory",
    "time" : {
      "start" : 1709557751818,
      "stop" : 1709557751818,
      "duration" : 0
    },
    "status" : "passed",
    "steps" : [ ],
    "attachments" : [ ],
    "parameters" : [ ],
    "stepsCount" : 0,
    "attachmentsCount" : 0,
    "shouldDisplayMessage" : false,
    "hasContent" : false
  }, {
    "name" : "test_data_dir",
    "time" : {
      "start" : 1709557751818,
      "stop" : 1709557751818,
      "duration" : 0
    },
    "status" : "passed",
    "steps" : [ ],
    "attachments" : [ ],
    "parameters" : [ ],
    "stepsCount" : 0,
    "attachmentsCount" : 0,
    "shouldDisplayMessage" : false,
    "hasContent" : false
  }, {
    "name" : "dependencies",
    "time" : {
      "start" : 1709557751823,
      "stop" : 1709557751823,
      "duration" : 0
    },
    "status" : "passed",
    "steps" : [ ],
    "attachments" : [ ],
    "parameters" : [ ],
    "stepsCount" : 0,
    "attachmentsCount" : 0,
    "shouldDisplayMessage" : false,
    "hasContent" : false
  }, {
    "name" : "dbt_project_yml",
    "time" : {
      "start" : 1709557751822,
      "stop" : 1709557751823,
      "duration" : 1
    },
    "status" : "passed",
    "steps" : [ ],
    "attachments" : [ ],
    "parameters" : [ ],
    "stepsCount" : 0,
    "attachmentsCount" : 0,
    "shouldDisplayMessage" : false,
    "hasContent" : false
  }, {
    "name" : "packages",
    "time" : {
      "start" : 1709557751823,
      "stop" : 1709557751823,
      "duration" : 0
    },
    "status" : "passed",
    "steps" : [ ],
    "attachments" : [ ],
    "parameters" : [ ],
    "stepsCount" : 0,
    "attachmentsCount" : 0,
    "shouldDisplayMessage" : false,
    "hasContent" : false
  }, {
    "name" : "unique_schema",
    "time" : {
      "start" : 1709557751820,
      "stop" : 1709557751820,
      "duration" : 0
    },
    "status" : "passed",
    "steps" : [ ],
    "attachments" : [ ],
    "parameters" : [ ],
    "stepsCount" : 0,
    "attachmentsCount" : 0,
    "shouldDisplayMessage" : false,
    "hasContent" : false
  }, {
    "name" : "analyses",
    "time" : {
      "start" : 1709557752819,
      "stop" : 1709557752819,
      "duration" : 0
    },
    "status" : "passed",
    "steps" : [ ],
    "attachments" : [ ],
    "parameters" : [ ],
    "stepsCount" : 0,
    "attachmentsCount" : 0,
    "shouldDisplayMessage" : false,
    "hasContent" : false
  }, {
    "name" : "logs_dir",
    "time" : {
      "start" : 1709557752820,
      "stop" : 1709557752820,
      "duration" : 0
    },
    "status" : "passed",
    "steps" : [ ],
    "attachments" : [ ],
    "parameters" : [ ],
    "stepsCount" : 0,
    "attachmentsCount" : 0,
    "shouldDisplayMessage" : false,
    "hasContent" : false
  }, {
    "name" : "adapter",
    "time" : {
      "start" : 1709557751823,
      "stop" : 1709557752818,
      "duration" : 995
    },
    "status" : "passed",
    "steps" : [ ],
    "attachments" : [ ],
    "parameters" : [ ],
    "stepsCount" : 0,
    "attachmentsCount" : 0,
    "shouldDisplayMessage" : false,
    "hasContent" : false
  }, {
    "name" : "packages_yml",
    "time" : {
      "start" : 1709557751823,
      "stop" : 1709557751823,
      "duration" : 0
    },
    "status" : "passed",
    "steps" : [ ],
    "attachments" : [ ],
    "parameters" : [ ],
    "stepsCount" : 0,
    "attachmentsCount" : 0,
    "shouldDisplayMessage" : false,
    "hasContent" : false
  }, {
    "name" : "shared_data_dir",
    "time" : {
      "start" : 1709557751818,
      "stop" : 1709557751818,
      "duration" : 0
    },
    "status" : "passed",
    "steps" : [ ],
    "attachments" : [ ],
    "parameters" : [ ],
    "stepsCount" : 0,
    "attachmentsCount" : 0,
    "shouldDisplayMessage" : false,
    "hasContent" : false
  }, {
    "name" : "project",
    "time" : {
      "start" : 1709557752820,
      "stop" : 1709557755354,
      "duration" : 2534
    },
    "status" : "passed",
    "steps" : [ ],
    "attachments" : [ ],
    "parameters" : [ ],
    "stepsCount" : 0,
    "attachmentsCount" : 0,
    "shouldDisplayMessage" : false,
    "hasContent" : false
  }, {
    "name" : "models",
    "time" : {
      "start" : 1709557752819,
      "stop" : 1709557752819,
      "duration" : 0
    },
    "status" : "passed",
    "steps" : [ ],
    "attachments" : [ ],
    "parameters" : [ ],
    "stepsCount" : 0,
    "attachmentsCount" : 0,
    "shouldDisplayMessage" : false,
    "hasContent" : false
  }, {
    "name" : "profiles_config_update",
    "time" : {
      "start" : 1709557751821,
      "stop" : 1709557751821,
      "duration" : 0
    },
    "status" : "passed",
    "steps" : [ ],
    "attachments" : [ ],
    "parameters" : [ ],
    "stepsCount" : 0,
    "attachmentsCount" : 0,
    "shouldDisplayMessage" : false,
    "hasContent" : false
  }, {
    "name" : "dependencies_yml",
    "time" : {
      "start" : 1709557751823,
      "stop" : 1709557751823,
      "duration" : 0
    },
    "status" : "passed",
    "steps" : [ ],
    "attachments" : [ ],
    "parameters" : [ ],
    "stepsCount" : 0,
    "attachmentsCount" : 0,
    "shouldDisplayMessage" : false,
    "hasContent" : false
  }, {
    "name" : "macros",
    "time" : {
      "start" : 1709557752819,
      "stop" : 1709557752819,
      "duration" : 0
    },
    "status" : "passed",
    "steps" : [ ],
    "attachments" : [ ],
    "parameters" : [ ],
    "stepsCount" : 0,
    "attachmentsCount" : 0,
    "shouldDisplayMessage" : false,
    "hasContent" : false
  } ],
  "testStage" : {
    "status" : "failed",
    "statusMessage" : "AssertionError: dbt exit state did not match expected",
    "statusTrace" : "self = <test_utils.TestEscapeSingleQuotes object at 0x7feba516c670>\nproject = <dbt.tests.fixtures.project.TestProjInfo object at 0x7feba74dbac0>\n\n    def test_build_assert_equal(self, project):\n>       run_dbt([\"build\"])  # seed, model, test\n\n/opt/hostedtoolcache/Python/3.9.18/x64/lib/python3.9/site-packages/dbt/tests/adapter/utils/base_utils.py:55: \n_ _ _ _ _ _ _ _ _ _ _ _ _ _ _ _ _ _ _ _ _ _ _ _ _ _ _ _ _ _ _ _ _ _ _ _ _ _ _ _ \n\nargs = ['build', '--project-dir', '/tmp/pytest-of-runner/pytest-0/project0', '--profiles-dir', '/tmp/pytest-of-runner/pytest-0/profile0']\nexpect_pass = True\n\n    def run_dbt(\n        args: Optional[List[str]] = None,\n        expect_pass: bool = True,\n    ):\n        # Ignore logbook warnings\n        warnings.filterwarnings(\"ignore\", category=DeprecationWarning, module=\"logbook\")\n    \n        # reset global vars\n        reset_metadata_vars()\n    \n        # The logger will complain about already being initialized if\n        # we don't do this.\n        log_manager.reset_handlers()\n        if args is None:\n            args = [\"run\"]\n    \n        print(\"\\n\\nInvoking dbt with {}\".format(args))\n        from dbt.flags import get_flags\n    \n        flags = get_flags()\n        project_dir = getattr(flags, \"PROJECT_DIR\", None)\n        profiles_dir = getattr(flags, \"PROFILES_DIR\", None)\n        if project_dir and \"--project-dir\" not in args:\n            args.extend([\"--project-dir\", project_dir])\n        if profiles_dir and \"--profiles-dir\" not in args:\n            args.extend([\"--profiles-dir\", profiles_dir])\n    \n        dbt = dbtRunner()\n        res = dbt.invoke(args)\n    \n        # the exception is immediately raised to be caught in tests\n        # using a pattern like `with pytest.raises(SomeException):`\n        if res.exception is not None:\n            raise res.exception\n    \n        if expect_pass is not None:\n>           assert res.success == expect_pass, \"dbt exit state did not match expected\"\nE           AssertionError: dbt exit state did not match expected\n\n/opt/hostedtoolcache/Python/3.9.18/x64/lib/python3.9/site-packages/dbt/tests/util.py:108: AssertionError",
    "steps" : [ ],
    "attachments" : [ {
      "uid" : "e516b98c1c28676",
      "name" : "log",
      "source" : "e516b98c1c28676.txt",
      "type" : "text/plain",
      "size" : 20632
    }, {
      "uid" : "8a8a97d92ffeb32",
      "name" : "stdout",
      "source" : "8a8a97d92ffeb32.txt",
      "type" : "text/plain",
      "size" : 1452
    } ],
    "parameters" : [ ],
    "stepsCount" : 0,
    "attachmentsCount" : 2,
    "shouldDisplayMessage" : true,
    "hasContent" : true
  },
  "afterStages" : [ {
    "name" : "profiles_yml::0",
    "time" : {
      "start" : 1709557771712,
      "stop" : 1709557771712,
      "duration" : 0
    },
    "status" : "passed",
    "steps" : [ ],
    "attachments" : [ ],
    "parameters" : [ ],
    "stepsCount" : 0,
    "attachmentsCount" : 0,
    "shouldDisplayMessage" : false,
    "hasContent" : false
  }, {
    "name" : "logs_dir::0",
    "time" : {
      "start" : 1709557771708,
      "stop" : 1709557771708,
      "duration" : 0
    },
    "status" : "passed",
    "steps" : [ ],
    "attachments" : [ ],
    "parameters" : [ ],
    "stepsCount" : 0,
    "attachmentsCount" : 0,
    "shouldDisplayMessage" : false,
    "hasContent" : false
  }, {
    "name" : "adapter::0",
    "time" : {
      "start" : 1709557771710,
      "stop" : 1709557771710,
      "duration" : 0
    },
    "status" : "passed",
    "steps" : [ ],
    "attachments" : [ ],
    "parameters" : [ ],
    "stepsCount" : 0,
    "attachmentsCount" : 0,
    "shouldDisplayMessage" : false,
    "hasContent" : false
  }, {
    "name" : "project::0",
    "time" : {
      "start" : 1709557762030,
      "stop" : 1709557771707,
      "duration" : 9677
    },
    "status" : "passed",
    "steps" : [ ],
    "attachments" : [ ],
    "parameters" : [ ],
    "stepsCount" : 0,
    "attachmentsCount" : 0,
    "shouldDisplayMessage" : false,
    "hasContent" : false
  } ],
  "labels" : [ {
    "name" : "parentSuite",
    "value" : "tests.functional.adapter.utils"
  }, {
    "name" : "suite",
    "value" : "test_utils"
  }, {
    "name" : "subSuite",
    "value" : "TestEscapeSingleQuotes"
  }, {
    "name" : "host",
    "value" : "fv-az575-606"
  }, {
    "name" : "thread",
    "value" : "2517-MainThread"
  }, {
    "name" : "framework",
    "value" : "pytest"
  }, {
    "name" : "language",
    "value" : "cpython3"
  }, {
    "name" : "package",
    "value" : "tests.functional.adapter.utils.test_utils"
  }, {
    "name" : "resultFormat",
    "value" : "allure2"
  } ],
  "parameters" : [ ],
  "links" : [ ],
  "hidden" : false,
  "retry" : false,
  "extra" : {
    "severity" : "normal",
    "retries" : [ ],
    "categories" : [ {
      "name" : "Product defects",
      "matchedStatuses" : [ ],
      "flaky" : false
    } ],
    "history" : {
      "statistic" : {
        "failed" : 2,
        "broken" : 0,
        "skipped" : 0,
        "passed" : 0,
        "unknown" : 0,
        "total" : 2
      },
      "items" : [ {
        "uid" : "ae8f4dbc068f57b7",
        "reportUrl" : "https://firebolt-db.github.io/dbt-firebolt/348c2ef3ade281b37269fb247d8ad6f9cbe02534_integration-v2/32//#testresult/ae8f4dbc068f57b7",
        "status" : "failed",
        "statusDetails" : "AssertionError: dbt exit state did not match expected",
        "time" : {
          "start" : 1709554608862,
          "stop" : 1709554615463,
          "duration" : 6601
        }
      } ]
    },
    "tags" : [ ]
  },
  "source" : "e6665bed1df1919d.json",
  "parameterValues" : [ ]
}