{"uid":"bac5dee1a30fa632","name":"test_invalid_input","fullName":"tests.functional.adapter.unit_testing.test_unit_testing.TestFireboltUnitTestInvalidInput#test_invalid_input","historyId":"8fbe6864df4a5e1bad36c0664c16effb","time":{"start":1753720720824,"stop":1753720722120,"duration":1296},"status":"failed","statusMessage":"AssertionError: assert \"Invalid column name: 'invalid_column_name' in unit test fixture for expected output.\" in '\\x1b[0m16:38:41  Running with dbt=1.10.5\\n\\x1b[0m16:38:41  Registered adapter: firebolt=1.9.4\\n\\x1b[0m16:38:41  [\\x1b[33mWARNING\\x1b[0m]: Configuration paths exist in your dbt_project.yml file which do not apply to any resources.\\nThere are 8 unused configuration paths:\\n- models.base\\n- seeds.base\\n- seeds.test\\n- snapshots.base\\n- snapshots.test\\n- data_tests.base\\n- data_tests.test\\n- unit_tests.base\\n\\x1b[0m16:38:41  Found 2 models, 464 macros, 2 unit tests\\n\\x1b[0m16:38:41  \\n\\x1b[0m16:38:41  Concurrency: 1 threads (target=\\'default\\')\\n\\x1b[0m16:38:41  \\n\\x1b[0m16:38:41  1 of 1 START unit_test my_model::test_invalid_expect_column_name ............... [RUN]\\n\\x1b[0m16:38:42  1 of 1 ERROR my_model::test_invalid_expect_column_name ......................... [\\x1b[31mERROR\\x1b[0m in 0.11s]\\n\\x1b[0m16:38:42  \\n\\x1b[0m16:38:42  Finished running 1 unit test in 0 hours 0 minutes and 0.18 seconds (0.18s).\\n\\x1b[0m16:38:42  \\n\\x1b[0m16:38:42  \\x1b[31mCompleted with 1 error, 0 partial successes, and 0 warnings:\\x1b[0m\\n\\x1b[0m16:38:42  \\n\\x1b[0m16:38:42  \\x1b[31mFailure in unit_test test_invalid_expect_column_name (models/unit_tests.yml)\\x1b[0m\\n\\x1b[0m16:38:42    Runtime Error in unit_test test_invalid_expect_column_name (models/unit_tests.yml)\\n  An error occurred during execution of unit test \\'test_invalid_expect_column_name\\'. There may be an error in the unit test definition: check the data types.\\n   Runtime Error\\n    Error executing query:\\n    {\\n      \"errors\": [\\n        {\\n          \"description\": \"CREATE DIMENSION TABLE AS SELECT is not supported in Firebolt Core\"\\n        }\\n      ],\\n      \"query\": {\\n        \"query_id\": \"1a00b4a8-3ff9-49e8-9be0-df723a747945\",\\n        \"query_label\": null,\\n        \"request_id\": \"214e7d4f-72a5-4132-a171-7a633438b1c0\"\\n      },\\n      \"statistics\": {\\n        \"elapsed\": 0.0\\n      }\\n    }\\n    \\n\\x1b[0m16:38:42  \\n\\x1b[0m16:38:42  Done. PASS=0 WARN=0 ERROR=1 SKIP=0 NO-OP=0 TOTAL=1\\n'","statusTrace":"self = <test_unit_testing.TestFireboltUnitTestInvalidInput object at 0x7ff957725cf0>\nproject = <dbt.tests.fixtures.project.TestProjInfo object at 0x7ff94fb51960>\n\n    def test_invalid_input(self, project):\n        results = run_dbt([\"run\"])\n        assert len(results) == 2\n    \n        _, out = run_dbt_and_capture(\n            [\"test\", \"--select\", \"test_name:test_invalid_input_column_name\"], expect_pass=False\n        )\n        assert (\n            \"Invalid column name: 'invalid_column_name' in unit test fixture for 'my_upstream_model'.\"\n            in out\n        )\n    \n        _, out = run_dbt_and_capture(\n            [\"test\", \"--select\", \"test_name:test_invalid_expect_column_name\"], expect_pass=False\n        )\n>       assert (\n            \"Invalid column name: 'invalid_column_name' in unit test fixture for expected output.\"\n            in out\n        )\nE       assert \"Invalid column name: 'invalid_column_name' in unit test fixture for expected output.\" in '\\x1b[0m16:38:41  Running with dbt=1.10.5\\n\\x1b[0m16:38:41  Registered adapter: firebolt=1.9.4\\n\\x1b[0m16:38:41  [\\x1b[33mWARNING\\x1b[0m]: Configuration paths exist in your dbt_project.yml file which do not apply to any resources.\\nThere are 8 unused configuration paths:\\n- models.base\\n- seeds.base\\n- seeds.test\\n- snapshots.base\\n- snapshots.test\\n- data_tests.base\\n- data_tests.test\\n- unit_tests.base\\n\\x1b[0m16:38:41  Found 2 models, 464 macros, 2 unit tests\\n\\x1b[0m16:38:41  \\n\\x1b[0m16:38:41  Concurrency: 1 threads (target=\\'default\\')\\n\\x1b[0m16:38:41  \\n\\x1b[0m16:38:41  1 of 1 START unit_test my_model::test_invalid_expect_column_name ............... [RUN]\\n\\x1b[0m16:38:42  1 of 1 ERROR my_model::test_invalid_expect_column_name ......................... [\\x1b[31mERROR\\x1b[0m in 0.11s]\\n\\x1b[0m16:38:42  \\n\\x1b[0m16:38:42  Finished running 1 unit test in 0 hours 0 minutes and 0.18 seconds (0.18s).\\n\\x1b[0m16:38:42  \\n\\x1b[0m16:38:42  \\x1b[31mCompleted with 1 error, 0 partial successes, and 0 warnings:\\x1b[0m\\n\\x1b[0m16:38:42  \\n\\x1b[0m16:38:42  \\x1b[31mFailure in unit_test test_invalid_expect_column_name (models/unit_tests.yml)\\x1b[0m\\n\\x1b[0m16:38:42    Runtime Error in unit_test test_invalid_expect_column_name (models/unit_tests.yml)\\n  An error occurred during execution of unit test \\'test_invalid_expect_column_name\\'. There may be an error in the unit test definition: check the data types.\\n   Runtime Error\\n    Error executing query:\\n    {\\n      \"errors\": [\\n        {\\n          \"description\": \"CREATE DIMENSION TABLE AS SELECT is not supported in Firebolt Core\"\\n        }\\n      ],\\n      \"query\": {\\n        \"query_id\": \"1a00b4a8-3ff9-49e8-9be0-df723a747945\",\\n        \"query_label\": null,\\n        \"request_id\": \"214e7d4f-72a5-4132-a171-7a633438b1c0\"\\n      },\\n      \"statistics\": {\\n        \"elapsed\": 0.0\\n      }\\n    }\\n    \\n\\x1b[0m16:38:42  \\n\\x1b[0m16:38:42  Done. PASS=0 WARN=0 ERROR=1 SKIP=0 NO-OP=0 TOTAL=1\\n'\n\n/opt/hostedtoolcache/Python/3.10.18/x64/lib/python3.10/site-packages/dbt/tests/adapter/unit_testing/test_invalid_input.py:61: AssertionError","flaky":false,"newFailed":false,"newBroken":false,"newPassed":false,"retriesCount":0,"retriesStatusChange":false,"beforeStages":[{"name":"tmpdir_factory","time":{"start":1753720551253,"stop":1753720551253,"duration":0},"status":"passed","steps":[],"attachments":[],"parameters":[],"shouldDisplayMessage":false,"stepsCount":0,"attachmentsCount":0,"hasContent":false,"attachmentStep":false},{"name":"shared_data_dir","time":{"start":1753720551253,"stop":1753720551253,"duration":0},"status":"passed","steps":[],"attachments":[],"parameters":[],"shouldDisplayMessage":false,"stepsCount":0,"attachmentsCount":0,"hasContent":false,"attachmentStep":false},{"name":"test_data_dir","time":{"start":1753720719074,"stop":1753720719074,"duration":0},"status":"passed","steps":[],"attachments":[],"parameters":[],"shouldDisplayMessage":false,"stepsCount":0,"attachmentsCount":0,"hasContent":false,"attachmentStep":false},{"name":"environment","time":{"start":1753720720724,"stop":1753720720724,"duration":0},"status":"passed","steps":[],"attachments":[],"parameters":[],"shouldDisplayMessage":false,"stepsCount":0,"attachmentsCount":0,"hasContent":false,"attachmentStep":false},{"name":"clean_up_logging","time":{"start":1753720720724,"stop":1753720720724,"duration":0},"status":"passed","steps":[],"attachments":[],"parameters":[],"shouldDisplayMessage":false,"stepsCount":0,"attachmentsCount":0,"hasContent":false,"attachmentStep":false},{"name":"initialization","time":{"start":1753720720724,"stop":1753720720724,"duration":0},"status":"passed","steps":[],"attachments":[],"parameters":[],"shouldDisplayMessage":false,"stepsCount":0,"attachmentsCount":0,"hasContent":false,"attachmentStep":false},{"name":"project_root","time":{"start":1753720720724,"stop":1753720720725,"duration":1},"status":"passed","steps":[],"attachments":[],"parameters":[],"shouldDisplayMessage":false,"stepsCount":0,"attachmentsCount":0,"hasContent":false,"attachmentStep":false},{"name":"profiles_root","time":{"start":1753720720725,"stop":1753720720725,"duration":0},"status":"passed","steps":[],"attachments":[],"parameters":[],"shouldDisplayMessage":false,"stepsCount":0,"attachmentsCount":0,"hasContent":false,"attachmentStep":false},{"name":"dbt_profile_target","time":{"start":1753720720726,"stop":1753720720726,"duration":0},"status":"passed","steps":[],"attachments":[],"parameters":[],"shouldDisplayMessage":false,"stepsCount":0,"attachmentsCount":0,"hasContent":false,"attachmentStep":false},{"name":"profiles_yml","time":{"start":1753720720726,"stop":1753720720727,"duration":1},"status":"passed","steps":[],"attachments":[],"parameters":[],"shouldDisplayMessage":false,"stepsCount":0,"attachmentsCount":0,"hasContent":false,"attachmentStep":false},{"name":"dbt_profile_data","time":{"start":1753720720726,"stop":1753720720726,"duration":0},"status":"passed","steps":[],"attachments":[],"parameters":[],"shouldDisplayMessage":false,"stepsCount":0,"attachmentsCount":0,"hasContent":false,"attachmentStep":false},{"name":"unique_schema","time":{"start":1753720720726,"stop":1753720720726,"duration":0},"status":"passed","steps":[],"attachments":[],"parameters":[],"shouldDisplayMessage":false,"stepsCount":0,"attachmentsCount":0,"hasContent":false,"attachmentStep":false},{"name":"prefix","time":{"start":1753720720726,"stop":1753720720726,"duration":0},"status":"passed","steps":[],"attachments":[],"parameters":[],"shouldDisplayMessage":false,"stepsCount":0,"attachmentsCount":0,"hasContent":false,"attachmentStep":false},{"name":"profiles_config_update","time":{"start":1753720720726,"stop":1753720720726,"duration":0},"status":"passed","steps":[],"attachments":[],"parameters":[],"shouldDisplayMessage":false,"stepsCount":0,"attachmentsCount":0,"hasContent":false,"attachmentStep":false},{"name":"project_config_update","time":{"start":1753720720727,"stop":1753720720727,"duration":0},"status":"passed","steps":[],"attachments":[],"parameters":[],"shouldDisplayMessage":false,"stepsCount":0,"attachmentsCount":0,"hasContent":false,"attachmentStep":false},{"name":"dbt_project_yml","time":{"start":1753720720727,"stop":1753720720729,"duration":2},"status":"passed","steps":[],"attachments":[],"parameters":[],"shouldDisplayMessage":false,"stepsCount":0,"attachmentsCount":0,"hasContent":false,"attachmentStep":false},{"name":"is_firebolt_core","time":{"start":1753720720727,"stop":1753720720727,"duration":0},"status":"passed","steps":[],"attachments":[],"parameters":[],"shouldDisplayMessage":false,"stepsCount":0,"attachmentsCount":0,"hasContent":false,"attachmentStep":false},{"name":"logs_dir","time":{"start":1753720720727,"stop":1753720720727,"duration":0},"status":"passed","steps":[],"attachments":[],"parameters":[],"shouldDisplayMessage":false,"stepsCount":0,"attachmentsCount":0,"hasContent":false,"attachmentStep":false},{"name":"adapter","time":{"start":1753720720729,"stop":1753720720761,"duration":32},"status":"passed","steps":[],"attachments":[],"parameters":[],"shouldDisplayMessage":false,"stepsCount":0,"attachmentsCount":0,"hasContent":false,"attachmentStep":false},{"name":"test_config","time":{"start":1753720720762,"stop":1753720720762,"duration":0},"status":"passed","steps":[],"attachments":[],"parameters":[],"shouldDisplayMessage":false,"stepsCount":0,"attachmentsCount":0,"hasContent":false,"attachmentStep":false},{"name":"project_setup","time":{"start":1753720720762,"stop":1753720720821,"duration":59},"status":"passed","steps":[],"attachments":[],"parameters":[],"shouldDisplayMessage":false,"stepsCount":0,"attachmentsCount":0,"hasContent":false,"attachmentStep":false},{"name":"properties","time":{"start":1753720720821,"stop":1753720720821,"duration":0},"status":"passed","steps":[],"attachments":[],"parameters":[],"shouldDisplayMessage":false,"stepsCount":0,"attachmentsCount":0,"hasContent":false,"attachmentStep":false},{"name":"models","time":{"start":1753720720821,"stop":1753720720821,"duration":0},"status":"passed","steps":[],"attachments":[],"parameters":[],"shouldDisplayMessage":false,"stepsCount":0,"attachmentsCount":0,"hasContent":false,"attachmentStep":false},{"name":"seeds","time":{"start":1753720720821,"stop":1753720720821,"duration":0},"status":"passed","steps":[],"attachments":[],"parameters":[],"shouldDisplayMessage":false,"stepsCount":0,"attachmentsCount":0,"hasContent":false,"attachmentStep":false},{"name":"macros","time":{"start":1753720720821,"stop":1753720720821,"duration":0},"status":"passed","steps":[],"attachments":[],"parameters":[],"shouldDisplayMessage":false,"stepsCount":0,"attachmentsCount":0,"hasContent":false,"attachmentStep":false},{"name":"snapshots","time":{"start":1753720720821,"stop":1753720720821,"duration":0},"status":"passed","steps":[],"attachments":[],"parameters":[],"shouldDisplayMessage":false,"stepsCount":0,"attachmentsCount":0,"hasContent":false,"attachmentStep":false},{"name":"selectors_yml","time":{"start":1753720720822,"stop":1753720720822,"duration":0},"status":"passed","steps":[],"attachments":[],"parameters":[],"shouldDisplayMessage":false,"stepsCount":0,"attachmentsCount":0,"hasContent":false,"attachmentStep":false},{"name":"tests","time":{"start":1753720720822,"stop":1753720720822,"duration":0},"status":"passed","steps":[],"attachments":[],"parameters":[],"shouldDisplayMessage":false,"stepsCount":0,"attachmentsCount":0,"hasContent":false,"attachmentStep":false},{"name":"selectors","time":{"start":1753720720822,"stop":1753720720822,"duration":0},"status":"passed","steps":[],"attachments":[],"parameters":[],"shouldDisplayMessage":false,"stepsCount":0,"attachmentsCount":0,"hasContent":false,"attachmentStep":false},{"name":"packages","time":{"start":1753720720822,"stop":1753720720822,"duration":0},"status":"passed","steps":[],"attachments":[],"parameters":[],"shouldDisplayMessage":false,"stepsCount":0,"attachmentsCount":0,"hasContent":false,"attachmentStep":false},{"name":"analyses","time":{"start":1753720720822,"stop":1753720720822,"duration":0},"status":"passed","steps":[],"attachments":[],"parameters":[],"shouldDisplayMessage":false,"stepsCount":0,"attachmentsCount":0,"hasContent":false,"attachmentStep":false},{"name":"packages_yml","time":{"start":1753720720822,"stop":1753720720822,"duration":0},"status":"passed","steps":[],"attachments":[],"parameters":[],"shouldDisplayMessage":false,"stepsCount":0,"attachmentsCount":0,"hasContent":false,"attachmentStep":false},{"name":"project_files","time":{"start":1753720720822,"stop":1753720720823,"duration":1},"status":"passed","steps":[],"attachments":[],"parameters":[],"shouldDisplayMessage":false,"stepsCount":0,"attachmentsCount":0,"hasContent":false,"attachmentStep":false},{"name":"dependencies_yml","time":{"start":1753720720822,"stop":1753720720822,"duration":0},"status":"passed","steps":[],"attachments":[],"parameters":[],"shouldDisplayMessage":false,"stepsCount":0,"attachmentsCount":0,"hasContent":false,"attachmentStep":false},{"name":"dependencies","time":{"start":1753720720822,"stop":1753720720822,"duration":0},"status":"passed","steps":[],"attachments":[],"parameters":[],"shouldDisplayMessage":false,"stepsCount":0,"attachmentsCount":0,"hasContent":false,"attachmentStep":false},{"name":"project","time":{"start":1753720720823,"stop":1753720720823,"duration":0},"status":"passed","steps":[],"attachments":[],"parameters":[],"shouldDisplayMessage":false,"stepsCount":0,"attachmentsCount":0,"hasContent":false,"attachmentStep":false}],"testStage":{"status":"failed","statusMessage":"AssertionError: assert \"Invalid column name: 'invalid_column_name' in unit test fixture for expected output.\" in '\\x1b[0m16:38:41  Running with dbt=1.10.5\\n\\x1b[0m16:38:41  Registered adapter: firebolt=1.9.4\\n\\x1b[0m16:38:41  [\\x1b[33mWARNING\\x1b[0m]: Configuration paths exist in your dbt_project.yml file which do not apply to any resources.\\nThere are 8 unused configuration paths:\\n- models.base\\n- seeds.base\\n- seeds.test\\n- snapshots.base\\n- snapshots.test\\n- data_tests.base\\n- data_tests.test\\n- unit_tests.base\\n\\x1b[0m16:38:41  Found 2 models, 464 macros, 2 unit tests\\n\\x1b[0m16:38:41  \\n\\x1b[0m16:38:41  Concurrency: 1 threads (target=\\'default\\')\\n\\x1b[0m16:38:41  \\n\\x1b[0m16:38:41  1 of 1 START unit_test my_model::test_invalid_expect_column_name ............... [RUN]\\n\\x1b[0m16:38:42  1 of 1 ERROR my_model::test_invalid_expect_column_name ......................... [\\x1b[31mERROR\\x1b[0m in 0.11s]\\n\\x1b[0m16:38:42  \\n\\x1b[0m16:38:42  Finished running 1 unit test in 0 hours 0 minutes and 0.18 seconds (0.18s).\\n\\x1b[0m16:38:42  \\n\\x1b[0m16:38:42  \\x1b[31mCompleted with 1 error, 0 partial successes, and 0 warnings:\\x1b[0m\\n\\x1b[0m16:38:42  \\n\\x1b[0m16:38:42  \\x1b[31mFailure in unit_test test_invalid_expect_column_name (models/unit_tests.yml)\\x1b[0m\\n\\x1b[0m16:38:42    Runtime Error in unit_test test_invalid_expect_column_name (models/unit_tests.yml)\\n  An error occurred during execution of unit test \\'test_invalid_expect_column_name\\'. There may be an error in the unit test definition: check the data types.\\n   Runtime Error\\n    Error executing query:\\n    {\\n      \"errors\": [\\n        {\\n          \"description\": \"CREATE DIMENSION TABLE AS SELECT is not supported in Firebolt Core\"\\n        }\\n      ],\\n      \"query\": {\\n        \"query_id\": \"1a00b4a8-3ff9-49e8-9be0-df723a747945\",\\n        \"query_label\": null,\\n        \"request_id\": \"214e7d4f-72a5-4132-a171-7a633438b1c0\"\\n      },\\n      \"statistics\": {\\n        \"elapsed\": 0.0\\n      }\\n    }\\n    \\n\\x1b[0m16:38:42  \\n\\x1b[0m16:38:42  Done. PASS=0 WARN=0 ERROR=1 SKIP=0 NO-OP=0 TOTAL=1\\n'","statusTrace":"self = <test_unit_testing.TestFireboltUnitTestInvalidInput object at 0x7ff957725cf0>\nproject = <dbt.tests.fixtures.project.TestProjInfo object at 0x7ff94fb51960>\n\n    def test_invalid_input(self, project):\n        results = run_dbt([\"run\"])\n        assert len(results) == 2\n    \n        _, out = run_dbt_and_capture(\n            [\"test\", \"--select\", \"test_name:test_invalid_input_column_name\"], expect_pass=False\n        )\n        assert (\n            \"Invalid column name: 'invalid_column_name' in unit test fixture for 'my_upstream_model'.\"\n            in out\n        )\n    \n        _, out = run_dbt_and_capture(\n            [\"test\", \"--select\", \"test_name:test_invalid_expect_column_name\"], expect_pass=False\n        )\n>       assert (\n            \"Invalid column name: 'invalid_column_name' in unit test fixture for expected output.\"\n            in out\n        )\nE       assert \"Invalid column name: 'invalid_column_name' in unit test fixture for expected output.\" in '\\x1b[0m16:38:41  Running with dbt=1.10.5\\n\\x1b[0m16:38:41  Registered adapter: firebolt=1.9.4\\n\\x1b[0m16:38:41  [\\x1b[33mWARNING\\x1b[0m]: Configuration paths exist in your dbt_project.yml file which do not apply to any resources.\\nThere are 8 unused configuration paths:\\n- models.base\\n- seeds.base\\n- seeds.test\\n- snapshots.base\\n- snapshots.test\\n- data_tests.base\\n- data_tests.test\\n- unit_tests.base\\n\\x1b[0m16:38:41  Found 2 models, 464 macros, 2 unit tests\\n\\x1b[0m16:38:41  \\n\\x1b[0m16:38:41  Concurrency: 1 threads (target=\\'default\\')\\n\\x1b[0m16:38:41  \\n\\x1b[0m16:38:41  1 of 1 START unit_test my_model::test_invalid_expect_column_name ............... [RUN]\\n\\x1b[0m16:38:42  1 of 1 ERROR my_model::test_invalid_expect_column_name ......................... [\\x1b[31mERROR\\x1b[0m in 0.11s]\\n\\x1b[0m16:38:42  \\n\\x1b[0m16:38:42  Finished running 1 unit test in 0 hours 0 minutes and 0.18 seconds (0.18s).\\n\\x1b[0m16:38:42  \\n\\x1b[0m16:38:42  \\x1b[31mCompleted with 1 error, 0 partial successes, and 0 warnings:\\x1b[0m\\n\\x1b[0m16:38:42  \\n\\x1b[0m16:38:42  \\x1b[31mFailure in unit_test test_invalid_expect_column_name (models/unit_tests.yml)\\x1b[0m\\n\\x1b[0m16:38:42    Runtime Error in unit_test test_invalid_expect_column_name (models/unit_tests.yml)\\n  An error occurred during execution of unit test \\'test_invalid_expect_column_name\\'. There may be an error in the unit test definition: check the data types.\\n   Runtime Error\\n    Error executing query:\\n    {\\n      \"errors\": [\\n        {\\n          \"description\": \"CREATE DIMENSION TABLE AS SELECT is not supported in Firebolt Core\"\\n        }\\n      ],\\n      \"query\": {\\n        \"query_id\": \"1a00b4a8-3ff9-49e8-9be0-df723a747945\",\\n        \"query_label\": null,\\n        \"request_id\": \"214e7d4f-72a5-4132-a171-7a633438b1c0\"\\n      },\\n      \"statistics\": {\\n        \"elapsed\": 0.0\\n      }\\n    }\\n    \\n\\x1b[0m16:38:42  \\n\\x1b[0m16:38:42  Done. PASS=0 WARN=0 ERROR=1 SKIP=0 NO-OP=0 TOTAL=1\\n'\n\n/opt/hostedtoolcache/Python/3.10.18/x64/lib/python3.10/site-packages/dbt/tests/adapter/unit_testing/test_invalid_input.py:61: AssertionError","steps":[],"attachments":[{"uid":"3de9edc611c0e79f","name":"log","source":"3de9edc611c0e79f.txt","type":"text/plain","size":14335},{"uid":"e594736c919053e6","name":"stdout","source":"e594736c919053e6.txt","type":"text/plain","size":1580},{"uid":"330f4c0186d65d3b","name":"stderr","source":"330f4c0186d65d3b.txt","type":"text/plain","size":11998}],"parameters":[],"shouldDisplayMessage":true,"stepsCount":0,"attachmentsCount":3,"hasContent":true,"attachmentStep":false},"afterStages":[{"name":"project_setup::0","time":{"start":1753720722126,"stop":1753720722503,"duration":377},"status":"passed","steps":[],"attachments":[],"parameters":[],"shouldDisplayMessage":false,"stepsCount":0,"attachmentsCount":0,"hasContent":false,"attachmentStep":false},{"name":"adapter::0","time":{"start":1753720722504,"stop":1753720722504,"duration":0},"status":"passed","steps":[],"attachments":[],"parameters":[],"shouldDisplayMessage":false,"stepsCount":0,"attachmentsCount":0,"hasContent":false,"attachmentStep":false},{"name":"profiles_yml::0","time":{"start":1753720722505,"stop":1753720722505,"duration":0},"status":"passed","steps":[],"attachments":[],"parameters":[],"shouldDisplayMessage":false,"stepsCount":0,"attachmentsCount":0,"hasContent":false,"attachmentStep":false},{"name":"logs_dir::0","time":{"start":1753720722505,"stop":1753720722505,"duration":0},"status":"passed","steps":[],"attachments":[],"parameters":[],"shouldDisplayMessage":false,"stepsCount":0,"attachmentsCount":0,"hasContent":false,"attachmentStep":false}],"labels":[{"name":"parentSuite","value":"tests.functional.adapter.unit_testing"},{"name":"suite","value":"test_unit_testing"},{"name":"subSuite","value":"TestFireboltUnitTestInvalidInput"},{"name":"host","value":"pkrvmpptgkbjq6m"},{"name":"thread","value":"4510-MainThread"},{"name":"framework","value":"pytest"},{"name":"language","value":"cpython3"},{"name":"package","value":"tests.functional.adapter.unit_testing.test_unit_testing"},{"name":"resultFormat","value":"allure2"}],"parameters":[],"links":[],"hidden":false,"retry":false,"extra":{"severity":"normal","retries":[],"categories":[{"name":"Product defects","matchedStatuses":[],"flaky":false}],"tags":[]},"source":"bac5dee1a30fa632.json","parameterValues":[]}