{"uid":"548f7afb7e61ca4","name":"test_tests_run_successfully_and_are_stored_as_expected","fullName":"tests.functional.adapter.test_store_test_failures.TestStoreTestFailuresAsProjectLevelOff#test_tests_run_successfully_and_are_stored_as_expected","historyId":"88cd3e6a9727ae3d976cdca9bda94dbe","time":{"start":1753453474607,"stop":1753453474607,"duration":0},"status":"failed","statusMessage":"AssertionError: dbt exit state did not match expected","statusTrace":"self = <test_store_test_failures.TestStoreTestFailuresAsProjectLevelOff object at 0x7f959f563670>\nproject = <dbt.tests.fixtures.project.TestProjInfo object at 0x7f959db693c0>\n\n    @pytest.fixture(scope=\"class\", autouse=True)\n    def setup_class(self, project):\n        # the seed doesn't get touched, load it once\n>       run_dbt([\"seed\"])\n\n/opt/hostedtoolcache/Python/3.10.18/x64/lib/python3.10/site-packages/dbt/tests/adapter/store_test_failures_tests/basic.py:25: \n_ _ _ _ _ _ _ _ _ _ _ _ _ _ _ _ _ _ _ _ _ _ _ _ _ _ _ _ _ _ _ _ _ _ _ _ _ _ _ _ \n\nargs = ['seed', '--project-dir', '/tmp/pytest-of-runner/pytest-0/project39', '--profiles-dir', '/tmp/pytest-of-runner/pytest-0/profile39']\nexpect_pass = True, callbacks = None\n\n    def run_dbt(\n        args: Optional[List[str]] = None,\n        expect_pass: bool = True,\n        callbacks: Optional[List[Callable[[EventMsg], None]]] = None,\n    ):\n        # reset global vars\n        reset_metadata_vars()\n    \n        if args is None:\n            args = [\"run\"]\n    \n        print(\"\\n\\nInvoking dbt with {}\".format(args))\n        from dbt.flags import get_flags\n    \n        flags = get_flags()\n        project_dir = getattr(flags, \"PROJECT_DIR\", None)\n        profiles_dir = getattr(flags, \"PROFILES_DIR\", None)\n        if project_dir and \"--project-dir\" not in args:\n            args.extend([\"--project-dir\", project_dir])\n        if profiles_dir and \"--profiles-dir\" not in args:\n            args.extend([\"--profiles-dir\", profiles_dir])\n        dbt = dbtRunner(callbacks=callbacks)\n    \n        res = dbt.invoke(args)\n    \n        # the exception is immediately raised to be caught in tests\n        # using a pattern like `with pytest.raises(SomeException):`\n        if res.exception is not None:\n            raise res.exception\n    \n        if expect_pass is not None:\n>           assert res.success == expect_pass, \"dbt exit state did not match expected\"\nE           AssertionError: dbt exit state did not match expected\n\n/opt/hostedtoolcache/Python/3.10.18/x64/lib/python3.10/site-packages/dbt/tests/util.py:107: AssertionError","flaky":false,"newFailed":false,"newBroken":false,"newPassed":false,"retriesCount":0,"retriesStatusChange":false,"beforeStages":[{"name":"tmpdir_factory","time":{"start":1753453390221,"stop":1753453390221,"duration":0},"status":"passed","steps":[],"attachments":[],"parameters":[],"shouldDisplayMessage":false,"stepsCount":0,"attachmentsCount":0,"hasContent":false,"attachmentStep":false},{"name":"shared_data_dir","time":{"start":1753453390221,"stop":1753453390221,"duration":0},"status":"passed","steps":[],"attachments":[],"parameters":[],"shouldDisplayMessage":false,"stepsCount":0,"attachmentsCount":0,"hasContent":false,"attachmentStep":false},{"name":"test_data_dir","time":{"start":1753453471199,"stop":1753453471199,"duration":0},"status":"passed","steps":[],"attachments":[],"parameters":[],"shouldDisplayMessage":false,"stepsCount":0,"attachmentsCount":0,"hasContent":false,"attachmentStep":false},{"name":"initialization","time":{"start":1753453474608,"stop":1753453474608,"duration":0},"status":"passed","steps":[],"attachments":[],"parameters":[],"shouldDisplayMessage":false,"stepsCount":0,"attachmentsCount":0,"hasContent":false,"attachmentStep":false},{"name":"clean_up_logging","time":{"start":1753453474608,"stop":1753453474608,"duration":0},"status":"passed","steps":[],"attachments":[],"parameters":[],"shouldDisplayMessage":false,"stepsCount":0,"attachmentsCount":0,"hasContent":false,"attachmentStep":false},{"name":"environment","time":{"start":1753453474608,"stop":1753453474608,"duration":0},"status":"passed","steps":[],"attachments":[],"parameters":[],"shouldDisplayMessage":false,"stepsCount":0,"attachmentsCount":0,"hasContent":false,"attachmentStep":false},{"name":"project_root","time":{"start":1753453474608,"stop":1753453474609,"duration":1},"status":"passed","steps":[],"attachments":[],"parameters":[],"shouldDisplayMessage":false,"stepsCount":0,"attachmentsCount":0,"hasContent":false,"attachmentStep":false},{"name":"prefix","time":{"start":1753453474609,"stop":1753453474609,"duration":0},"status":"passed","steps":[],"attachments":[],"parameters":[],"shouldDisplayMessage":false,"stepsCount":0,"attachmentsCount":0,"hasContent":false,"attachmentStep":false},{"name":"profiles_root","time":{"start":1753453474609,"stop":1753453474609,"duration":0},"status":"passed","steps":[],"attachments":[],"parameters":[],"shouldDisplayMessage":false,"stepsCount":0,"attachmentsCount":0,"hasContent":false,"attachmentStep":false},{"name":"profiles_yml","time":{"start":1753453474610,"stop":1753453474611,"duration":1},"status":"passed","steps":[],"attachments":[],"parameters":[],"shouldDisplayMessage":false,"stepsCount":0,"attachmentsCount":0,"hasContent":false,"attachmentStep":false},{"name":"unique_schema","time":{"start":1753453474610,"stop":1753453474610,"duration":0},"status":"passed","steps":[],"attachments":[],"parameters":[],"shouldDisplayMessage":false,"stepsCount":0,"attachmentsCount":0,"hasContent":false,"attachmentStep":false},{"name":"dbt_profile_data","time":{"start":1753453474610,"stop":1753453474610,"duration":0},"status":"passed","steps":[],"attachments":[],"parameters":[],"shouldDisplayMessage":false,"stepsCount":0,"attachmentsCount":0,"hasContent":false,"attachmentStep":false},{"name":"dbt_profile_target","time":{"start":1753453474610,"stop":1753453474610,"duration":0},"status":"passed","steps":[],"attachments":[],"parameters":[],"shouldDisplayMessage":false,"stepsCount":0,"attachmentsCount":0,"hasContent":false,"attachmentStep":false},{"name":"profiles_config_update","time":{"start":1753453474610,"stop":1753453474610,"duration":0},"status":"passed","steps":[],"attachments":[],"parameters":[],"shouldDisplayMessage":false,"stepsCount":0,"attachmentsCount":0,"hasContent":false,"attachmentStep":false},{"name":"dbt_project_yml","time":{"start":1753453474611,"stop":1753453474612,"duration":1},"status":"passed","steps":[],"attachments":[],"parameters":[],"shouldDisplayMessage":false,"stepsCount":0,"attachmentsCount":0,"hasContent":false,"attachmentStep":false},{"name":"logs_dir","time":{"start":1753453474611,"stop":1753453474611,"duration":0},"status":"passed","steps":[],"attachments":[],"parameters":[],"shouldDisplayMessage":false,"stepsCount":0,"attachmentsCount":0,"hasContent":false,"attachmentStep":false},{"name":"project_config_update","time":{"start":1753453474611,"stop":1753453474611,"duration":0},"status":"passed","steps":[],"attachments":[],"parameters":[],"shouldDisplayMessage":false,"stepsCount":0,"attachmentsCount":0,"hasContent":false,"attachmentStep":false},{"name":"adapter","time":{"start":1753453474612,"stop":1753453474647,"duration":35},"status":"passed","steps":[],"attachments":[],"parameters":[],"shouldDisplayMessage":false,"stepsCount":0,"attachmentsCount":0,"hasContent":false,"attachmentStep":false},{"name":"test_config","time":{"start":1753453474647,"stop":1753453474647,"duration":0},"status":"passed","steps":[],"attachments":[],"parameters":[],"shouldDisplayMessage":false,"stepsCount":0,"attachmentsCount":0,"hasContent":false,"attachmentStep":false},{"name":"project_setup","time":{"start":1753453474647,"stop":1753453474707,"duration":60},"status":"passed","steps":[],"attachments":[],"parameters":[],"shouldDisplayMessage":false,"stepsCount":0,"attachmentsCount":0,"hasContent":false,"attachmentStep":false},{"name":"macros","time":{"start":1753453474707,"stop":1753453474707,"duration":0},"status":"passed","steps":[],"attachments":[],"parameters":[],"shouldDisplayMessage":false,"stepsCount":0,"attachmentsCount":0,"hasContent":false,"attachmentStep":false},{"name":"seeds","time":{"start":1753453474707,"stop":1753453474707,"duration":0},"status":"passed","steps":[],"attachments":[],"parameters":[],"shouldDisplayMessage":false,"stepsCount":0,"attachmentsCount":0,"hasContent":false,"attachmentStep":false},{"name":"models","time":{"start":1753453474707,"stop":1753453474707,"duration":0},"status":"passed","steps":[],"attachments":[],"parameters":[],"shouldDisplayMessage":false,"stepsCount":0,"attachmentsCount":0,"hasContent":false,"attachmentStep":false},{"name":"properties","time":{"start":1753453474707,"stop":1753453474707,"duration":0},"status":"passed","steps":[],"attachments":[],"parameters":[],"shouldDisplayMessage":false,"stepsCount":0,"attachmentsCount":0,"hasContent":false,"attachmentStep":false},{"name":"snapshots","time":{"start":1753453474707,"stop":1753453474707,"duration":0},"status":"passed","steps":[],"attachments":[],"parameters":[],"shouldDisplayMessage":false,"stepsCount":0,"attachmentsCount":0,"hasContent":false,"attachmentStep":false},{"name":"packages_yml","time":{"start":1753453474708,"stop":1753453474708,"duration":0},"status":"passed","steps":[],"attachments":[],"parameters":[],"shouldDisplayMessage":false,"stepsCount":0,"attachmentsCount":0,"hasContent":false,"attachmentStep":false},{"name":"tests","time":{"start":1753453474708,"stop":1753453474708,"duration":0},"status":"passed","steps":[],"attachments":[],"parameters":[],"shouldDisplayMessage":false,"stepsCount":0,"attachmentsCount":0,"hasContent":false,"attachmentStep":false},{"name":"project_files","time":{"start":1753453474708,"stop":1753453474709,"duration":1},"status":"passed","steps":[],"attachments":[],"parameters":[],"shouldDisplayMessage":false,"stepsCount":0,"attachmentsCount":0,"hasContent":false,"attachmentStep":false},{"name":"selectors_yml","time":{"start":1753453474708,"stop":1753453474708,"duration":0},"status":"passed","steps":[],"attachments":[],"parameters":[],"shouldDisplayMessage":false,"stepsCount":0,"attachmentsCount":0,"hasContent":false,"attachmentStep":false},{"name":"packages","time":{"start":1753453474708,"stop":1753453474708,"duration":0},"status":"passed","steps":[],"attachments":[],"parameters":[],"shouldDisplayMessage":false,"stepsCount":0,"attachmentsCount":0,"hasContent":false,"attachmentStep":false},{"name":"dependencies_yml","time":{"start":1753453474708,"stop":1753453474708,"duration":0},"status":"passed","steps":[],"attachments":[],"parameters":[],"shouldDisplayMessage":false,"stepsCount":0,"attachmentsCount":0,"hasContent":false,"attachmentStep":false},{"name":"analyses","time":{"start":1753453474708,"stop":1753453474708,"duration":0},"status":"passed","steps":[],"attachments":[],"parameters":[],"shouldDisplayMessage":false,"stepsCount":0,"attachmentsCount":0,"hasContent":false,"attachmentStep":false},{"name":"dependencies","time":{"start":1753453474708,"stop":1753453474708,"duration":0},"status":"passed","steps":[],"attachments":[],"parameters":[],"shouldDisplayMessage":false,"stepsCount":0,"attachmentsCount":0,"hasContent":false,"attachmentStep":false},{"name":"selectors","time":{"start":1753453474708,"stop":1753453474708,"duration":0},"status":"passed","steps":[],"attachments":[],"parameters":[],"shouldDisplayMessage":false,"stepsCount":0,"attachmentsCount":0,"hasContent":false,"attachmentStep":false},{"name":"setup_class","time":{"start":1753453474709,"stop":1753453475246,"duration":537},"status":"failed","statusMessage":"AssertionError: dbt exit state did not match expected\n","statusTrace":"  File \"/opt/hostedtoolcache/Python/3.10.18/x64/lib/python3.10/site-packages/pluggy/_callers.py\", line 38, in run_old_style_hookwrapper\n    res = yield\n  File \"/opt/hostedtoolcache/Python/3.10.18/x64/lib/python3.10/site-packages/pluggy/_callers.py\", line 139, in _multicall\n    teardown.throw(exception)\n  File \"/opt/hostedtoolcache/Python/3.10.18/x64/lib/python3.10/site-packages/pluggy/_callers.py\", line 53, in run_old_style_hookwrapper\n    return result.get_result()\n  File \"/opt/hostedtoolcache/Python/3.10.18/x64/lib/python3.10/site-packages/pluggy/_result.py\", line 103, in get_result\n    raise exc.with_traceback(tb)\n  File \"/opt/hostedtoolcache/Python/3.10.18/x64/lib/python3.10/site-packages/pluggy/_callers.py\", line 38, in run_old_style_hookwrapper\n    res = yield\n  File \"/opt/hostedtoolcache/Python/3.10.18/x64/lib/python3.10/site-packages/pluggy/_callers.py\", line 121, in _multicall\n    res = hook_impl.function(*args)\n  File \"/opt/hostedtoolcache/Python/3.10.18/x64/lib/python3.10/site-packages/_pytest/fixtures.py\", line 1123, in pytest_fixture_setup\n    result = call_fixture_func(fixturefunc, request, kwargs)\n  File \"/opt/hostedtoolcache/Python/3.10.18/x64/lib/python3.10/site-packages/_pytest/fixtures.py\", line 895, in call_fixture_func\n    fixture_result = next(generator)\n  File \"/opt/hostedtoolcache/Python/3.10.18/x64/lib/python3.10/site-packages/dbt/tests/adapter/store_test_failures_tests/basic.py\", line 25, in setup_class\n    run_dbt([\"seed\"])\n  File \"/opt/hostedtoolcache/Python/3.10.18/x64/lib/python3.10/site-packages/dbt/tests/util.py\", line 107, in run_dbt\n    assert res.success == expect_pass, \"dbt exit state did not match expected\"\n","steps":[],"attachments":[],"parameters":[],"shouldDisplayMessage":true,"stepsCount":0,"attachmentsCount":0,"hasContent":true,"attachmentStep":false},{"name":"project","time":{"start":1753453474709,"stop":1753453474709,"duration":0},"status":"passed","steps":[],"attachments":[],"parameters":[],"shouldDisplayMessage":false,"stepsCount":0,"attachmentsCount":0,"hasContent":false,"attachmentStep":false},{"name":"project_config_update","time":{"start":1753453476581,"stop":1753453476581,"duration":0},"status":"passed","steps":[],"attachments":[],"parameters":[],"shouldDisplayMessage":false,"stepsCount":0,"attachmentsCount":0,"hasContent":false,"attachmentStep":false},{"name":"tests","time":{"start":1753453476835,"stop":1753453476835,"duration":0},"status":"passed","steps":[],"attachments":[],"parameters":[],"shouldDisplayMessage":false,"stepsCount":0,"attachmentsCount":0,"hasContent":false,"attachmentStep":false},{"name":"seeds","time":{"start":1753453482643,"stop":1753453482643,"duration":0},"status":"passed","steps":[],"attachments":[],"parameters":[],"shouldDisplayMessage":false,"stepsCount":0,"attachmentsCount":0,"hasContent":false,"attachmentStep":false}],"testStage":{"status":"failed","statusMessage":"AssertionError: dbt exit state did not match expected","statusTrace":"self = <test_store_test_failures.TestStoreTestFailuresAsProjectLevelOff object at 0x7f959f563670>\nproject = <dbt.tests.fixtures.project.TestProjInfo object at 0x7f959db693c0>\n\n    @pytest.fixture(scope=\"class\", autouse=True)\n    def setup_class(self, project):\n        # the seed doesn't get touched, load it once\n>       run_dbt([\"seed\"])\n\n/opt/hostedtoolcache/Python/3.10.18/x64/lib/python3.10/site-packages/dbt/tests/adapter/store_test_failures_tests/basic.py:25: \n_ _ _ _ _ _ _ _ _ _ _ _ _ _ _ _ _ _ _ _ _ _ _ _ _ _ _ _ _ _ _ _ _ _ _ _ _ _ _ _ \n\nargs = ['seed', '--project-dir', '/tmp/pytest-of-runner/pytest-0/project39', '--profiles-dir', '/tmp/pytest-of-runner/pytest-0/profile39']\nexpect_pass = True, callbacks = None\n\n    def run_dbt(\n        args: Optional[List[str]] = None,\n        expect_pass: bool = True,\n        callbacks: Optional[List[Callable[[EventMsg], None]]] = None,\n    ):\n        # reset global vars\n        reset_metadata_vars()\n    \n        if args is None:\n            args = [\"run\"]\n    \n        print(\"\\n\\nInvoking dbt with {}\".format(args))\n        from dbt.flags import get_flags\n    \n        flags = get_flags()\n        project_dir = getattr(flags, \"PROJECT_DIR\", None)\n        profiles_dir = getattr(flags, \"PROFILES_DIR\", None)\n        if project_dir and \"--project-dir\" not in args:\n            args.extend([\"--project-dir\", project_dir])\n        if profiles_dir and \"--profiles-dir\" not in args:\n            args.extend([\"--profiles-dir\", profiles_dir])\n        dbt = dbtRunner(callbacks=callbacks)\n    \n        res = dbt.invoke(args)\n    \n        # the exception is immediately raised to be caught in tests\n        # using a pattern like `with pytest.raises(SomeException):`\n        if res.exception is not None:\n            raise res.exception\n    \n        if expect_pass is not None:\n>           assert res.success == expect_pass, \"dbt exit state did not match expected\"\nE           AssertionError: dbt exit state did not match expected\n\n/opt/hostedtoolcache/Python/3.10.18/x64/lib/python3.10/site-packages/dbt/tests/util.py:107: AssertionError","steps":[],"attachments":[{"uid":"750dd9dd99270ac4","name":"log","source":"750dd9dd99270ac4.txt","type":"text/plain","size":10620},{"uid":"2bcbb7da5af7390","name":"stdout","source":"2bcbb7da5af7390.txt","type":"text/plain","size":1478},{"uid":"f033f7f7c5e09023","name":"stderr","source":"f033f7f7c5e09023.txt","type":"text/plain","size":8891}],"parameters":[],"shouldDisplayMessage":true,"stepsCount":0,"attachmentsCount":3,"hasContent":true,"attachmentStep":false},"afterStages":[{"name":"project_setup::0","time":{"start":1753453475263,"stop":1753453475606,"duration":343},"status":"passed","steps":[],"attachments":[],"parameters":[],"shouldDisplayMessage":false,"stepsCount":0,"attachmentsCount":0,"hasContent":false,"attachmentStep":false},{"name":"adapter::0","time":{"start":1753453475607,"stop":1753453475607,"duration":0},"status":"passed","steps":[],"attachments":[],"parameters":[],"shouldDisplayMessage":false,"stepsCount":0,"attachmentsCount":0,"hasContent":false,"attachmentStep":false},{"name":"profiles_yml::0","time":{"start":1753453475608,"stop":1753453475608,"duration":0},"status":"passed","steps":[],"attachments":[],"parameters":[],"shouldDisplayMessage":false,"stepsCount":0,"attachmentsCount":0,"hasContent":false,"attachmentStep":false},{"name":"logs_dir::0","time":{"start":1753453475608,"stop":1753453475608,"duration":0},"status":"passed","steps":[],"attachments":[],"parameters":[],"shouldDisplayMessage":false,"stepsCount":0,"attachmentsCount":0,"hasContent":false,"attachmentStep":false}],"labels":[{"name":"parentSuite","value":"tests.functional.adapter"},{"name":"suite","value":"test_store_test_failures"},{"name":"subSuite","value":"TestStoreTestFailuresAsProjectLevelOff"},{"name":"host","value":"pkrvmpptgkbjq6m"},{"name":"thread","value":"4480-MainThread"},{"name":"framework","value":"pytest"},{"name":"language","value":"cpython3"},{"name":"package","value":"tests.functional.adapter.test_store_test_failures"},{"name":"resultFormat","value":"allure2"}],"parameters":[],"links":[],"hidden":false,"retry":false,"extra":{"severity":"normal","retries":[],"categories":[{"name":"Product defects","matchedStatuses":[],"flaky":false}],"tags":[]},"source":"548f7afb7e61ca4.json","parameterValues":[]}