{"uid":"ba7ce8efe69d74be","name":"test_tests_run_successfully_and_are_stored_as_expected","fullName":"tests.functional.adapter.test_store_test_failures.TestStoreTestFailuresAsProjectLevelEphemeral#test_tests_run_successfully_and_are_stored_as_expected","historyId":"d4f2bc9e502a63a92bb426bb947ea540","time":{"start":1753453479160,"stop":1753453479160,"duration":0},"status":"failed","statusMessage":"AssertionError: dbt exit state did not match expected","statusTrace":"self = <test_store_test_failures.TestStoreTestFailuresAsProjectLevelEphemeral object at 0x7f959f5d8eb0>\nproject = <dbt.tests.fixtures.project.TestProjInfo object at 0x7f95979d1b70>\n\n    @pytest.fixture(scope=\"class\", autouse=True)\n    def setup_class(self, project):\n        # the seed doesn't get touched, load it once\n>       run_dbt([\"seed\"])\n\n/opt/hostedtoolcache/Python/3.10.18/x64/lib/python3.10/site-packages/dbt/tests/adapter/store_test_failures_tests/basic.py:25: \n_ _ _ _ _ _ _ _ _ _ _ _ _ _ _ _ _ _ _ _ _ _ _ _ _ _ _ _ _ _ _ _ _ _ _ _ _ _ _ _ \n\nargs = ['seed', '--project-dir', '/tmp/pytest-of-runner/pytest-0/project42', '--profiles-dir', '/tmp/pytest-of-runner/pytest-0/profile42']\nexpect_pass = True, callbacks = None\n\n    def run_dbt(\n        args: Optional[List[str]] = None,\n        expect_pass: bool = True,\n        callbacks: Optional[List[Callable[[EventMsg], None]]] = None,\n    ):\n        # reset global vars\n        reset_metadata_vars()\n    \n        if args is None:\n            args = [\"run\"]\n    \n        print(\"\\n\\nInvoking dbt with {}\".format(args))\n        from dbt.flags import get_flags\n    \n        flags = get_flags()\n        project_dir = getattr(flags, \"PROJECT_DIR\", None)\n        profiles_dir = getattr(flags, \"PROFILES_DIR\", None)\n        if project_dir and \"--project-dir\" not in args:\n            args.extend([\"--project-dir\", project_dir])\n        if profiles_dir and \"--profiles-dir\" not in args:\n            args.extend([\"--profiles-dir\", profiles_dir])\n        dbt = dbtRunner(callbacks=callbacks)\n    \n        res = dbt.invoke(args)\n    \n        # the exception is immediately raised to be caught in tests\n        # using a pattern like `with pytest.raises(SomeException):`\n        if res.exception is not None:\n            raise res.exception\n    \n        if expect_pass is not None:\n>           assert res.success == expect_pass, \"dbt exit state did not match expected\"\nE           AssertionError: dbt exit state did not match expected\n\n/opt/hostedtoolcache/Python/3.10.18/x64/lib/python3.10/site-packages/dbt/tests/util.py:107: AssertionError","flaky":false,"newFailed":false,"newBroken":false,"newPassed":false,"retriesCount":0,"retriesStatusChange":false,"beforeStages":[{"name":"tmpdir_factory","time":{"start":1753453390221,"stop":1753453390221,"duration":0},"status":"passed","steps":[],"attachments":[],"parameters":[],"shouldDisplayMessage":false,"stepsCount":0,"attachmentsCount":0,"hasContent":false,"attachmentStep":false},{"name":"shared_data_dir","time":{"start":1753453390221,"stop":1753453390221,"duration":0},"status":"passed","steps":[],"attachments":[],"parameters":[],"shouldDisplayMessage":false,"stepsCount":0,"attachmentsCount":0,"hasContent":false,"attachmentStep":false},{"name":"test_data_dir","time":{"start":1753453471199,"stop":1753453471199,"duration":0},"status":"passed","steps":[],"attachments":[],"parameters":[],"shouldDisplayMessage":false,"stepsCount":0,"attachmentsCount":0,"hasContent":false,"attachmentStep":false},{"name":"clean_up_logging","time":{"start":1753453479161,"stop":1753453479161,"duration":0},"status":"passed","steps":[],"attachments":[],"parameters":[],"shouldDisplayMessage":false,"stepsCount":0,"attachmentsCount":0,"hasContent":false,"attachmentStep":false},{"name":"environment","time":{"start":1753453479161,"stop":1753453479161,"duration":0},"status":"passed","steps":[],"attachments":[],"parameters":[],"shouldDisplayMessage":false,"stepsCount":0,"attachmentsCount":0,"hasContent":false,"attachmentStep":false},{"name":"project_root","time":{"start":1753453479161,"stop":1753453479162,"duration":1},"status":"passed","steps":[],"attachments":[],"parameters":[],"shouldDisplayMessage":false,"stepsCount":0,"attachmentsCount":0,"hasContent":false,"attachmentStep":false},{"name":"initialization","time":{"start":1753453479161,"stop":1753453479161,"duration":0},"status":"passed","steps":[],"attachments":[],"parameters":[],"shouldDisplayMessage":false,"stepsCount":0,"attachmentsCount":0,"hasContent":false,"attachmentStep":false},{"name":"profiles_root","time":{"start":1753453479162,"stop":1753453479162,"duration":0},"status":"passed","steps":[],"attachments":[],"parameters":[],"shouldDisplayMessage":false,"stepsCount":0,"attachmentsCount":0,"hasContent":false,"attachmentStep":false},{"name":"prefix","time":{"start":1753453479162,"stop":1753453479162,"duration":0},"status":"passed","steps":[],"attachments":[],"parameters":[],"shouldDisplayMessage":false,"stepsCount":0,"attachmentsCount":0,"hasContent":false,"attachmentStep":false},{"name":"unique_schema","time":{"start":1753453479162,"stop":1753453479162,"duration":0},"status":"passed","steps":[],"attachments":[],"parameters":[],"shouldDisplayMessage":false,"stepsCount":0,"attachmentsCount":0,"hasContent":false,"attachmentStep":false},{"name":"dbt_profile_data","time":{"start":1753453479163,"stop":1753453479163,"duration":0},"status":"passed","steps":[],"attachments":[],"parameters":[],"shouldDisplayMessage":false,"stepsCount":0,"attachmentsCount":0,"hasContent":false,"attachmentStep":false},{"name":"profiles_config_update","time":{"start":1753453479163,"stop":1753453479163,"duration":0},"status":"passed","steps":[],"attachments":[],"parameters":[],"shouldDisplayMessage":false,"stepsCount":0,"attachmentsCount":0,"hasContent":false,"attachmentStep":false},{"name":"profiles_yml","time":{"start":1753453479163,"stop":1753453479164,"duration":1},"status":"passed","steps":[],"attachments":[],"parameters":[],"shouldDisplayMessage":false,"stepsCount":0,"attachmentsCount":0,"hasContent":false,"attachmentStep":false},{"name":"dbt_profile_target","time":{"start":1753453479163,"stop":1753453479163,"duration":0},"status":"passed","steps":[],"attachments":[],"parameters":[],"shouldDisplayMessage":false,"stepsCount":0,"attachmentsCount":0,"hasContent":false,"attachmentStep":false},{"name":"project_config_update","time":{"start":1753453479164,"stop":1753453479164,"duration":0},"status":"passed","steps":[],"attachments":[],"parameters":[],"shouldDisplayMessage":false,"stepsCount":0,"attachmentsCount":0,"hasContent":false,"attachmentStep":false},{"name":"logs_dir","time":{"start":1753453479164,"stop":1753453479164,"duration":0},"status":"passed","steps":[],"attachments":[],"parameters":[],"shouldDisplayMessage":false,"stepsCount":0,"attachmentsCount":0,"hasContent":false,"attachmentStep":false},{"name":"dbt_project_yml","time":{"start":1753453479164,"stop":1753453479165,"duration":1},"status":"passed","steps":[],"attachments":[],"parameters":[],"shouldDisplayMessage":false,"stepsCount":0,"attachmentsCount":0,"hasContent":false,"attachmentStep":false},{"name":"adapter","time":{"start":1753453479165,"stop":1753453479198,"duration":33},"status":"passed","steps":[],"attachments":[],"parameters":[],"shouldDisplayMessage":false,"stepsCount":0,"attachmentsCount":0,"hasContent":false,"attachmentStep":false},{"name":"project_setup","time":{"start":1753453479198,"stop":1753453479255,"duration":57},"status":"passed","steps":[],"attachments":[],"parameters":[],"shouldDisplayMessage":false,"stepsCount":0,"attachmentsCount":0,"hasContent":false,"attachmentStep":false},{"name":"test_config","time":{"start":1753453479198,"stop":1753453479198,"duration":0},"status":"passed","steps":[],"attachments":[],"parameters":[],"shouldDisplayMessage":false,"stepsCount":0,"attachmentsCount":0,"hasContent":false,"attachmentStep":false},{"name":"models","time":{"start":1753453479255,"stop":1753453479255,"duration":0},"status":"passed","steps":[],"attachments":[],"parameters":[],"shouldDisplayMessage":false,"stepsCount":0,"attachmentsCount":0,"hasContent":false,"attachmentStep":false},{"name":"selectors","time":{"start":1753453479256,"stop":1753453479256,"duration":0},"status":"passed","steps":[],"attachments":[],"parameters":[],"shouldDisplayMessage":false,"stepsCount":0,"attachmentsCount":0,"hasContent":false,"attachmentStep":false},{"name":"macros","time":{"start":1753453479256,"stop":1753453479256,"duration":0},"status":"passed","steps":[],"attachments":[],"parameters":[],"shouldDisplayMessage":false,"stepsCount":0,"attachmentsCount":0,"hasContent":false,"attachmentStep":false},{"name":"tests","time":{"start":1753453479256,"stop":1753453479256,"duration":0},"status":"passed","steps":[],"attachments":[],"parameters":[],"shouldDisplayMessage":false,"stepsCount":0,"attachmentsCount":0,"hasContent":false,"attachmentStep":false},{"name":"analyses","time":{"start":1753453479256,"stop":1753453479256,"duration":0},"status":"passed","steps":[],"attachments":[],"parameters":[],"shouldDisplayMessage":false,"stepsCount":0,"attachmentsCount":0,"hasContent":false,"attachmentStep":false},{"name":"seeds","time":{"start":1753453479256,"stop":1753453479256,"duration":0},"status":"passed","steps":[],"attachments":[],"parameters":[],"shouldDisplayMessage":false,"stepsCount":0,"attachmentsCount":0,"hasContent":false,"attachmentStep":false},{"name":"selectors_yml","time":{"start":1753453479256,"stop":1753453479256,"duration":0},"status":"passed","steps":[],"attachments":[],"parameters":[],"shouldDisplayMessage":false,"stepsCount":0,"attachmentsCount":0,"hasContent":false,"attachmentStep":false},{"name":"snapshots","time":{"start":1753453479256,"stop":1753453479256,"duration":0},"status":"passed","steps":[],"attachments":[],"parameters":[],"shouldDisplayMessage":false,"stepsCount":0,"attachmentsCount":0,"hasContent":false,"attachmentStep":false},{"name":"dependencies_yml","time":{"start":1753453479256,"stop":1753453479256,"duration":0},"status":"passed","steps":[],"attachments":[],"parameters":[],"shouldDisplayMessage":false,"stepsCount":0,"attachmentsCount":0,"hasContent":false,"attachmentStep":false},{"name":"properties","time":{"start":1753453479256,"stop":1753453479256,"duration":0},"status":"passed","steps":[],"attachments":[],"parameters":[],"shouldDisplayMessage":false,"stepsCount":0,"attachmentsCount":0,"hasContent":false,"attachmentStep":false},{"name":"dependencies","time":{"start":1753453479256,"stop":1753453479256,"duration":0},"status":"passed","steps":[],"attachments":[],"parameters":[],"shouldDisplayMessage":false,"stepsCount":0,"attachmentsCount":0,"hasContent":false,"attachmentStep":false},{"name":"packages","time":{"start":1753453479256,"stop":1753453479256,"duration":0},"status":"passed","steps":[],"attachments":[],"parameters":[],"shouldDisplayMessage":false,"stepsCount":0,"attachmentsCount":0,"hasContent":false,"attachmentStep":false},{"name":"project_files","time":{"start":1753453479257,"stop":1753453479257,"duration":0},"status":"passed","steps":[],"attachments":[],"parameters":[],"shouldDisplayMessage":false,"stepsCount":0,"attachmentsCount":0,"hasContent":false,"attachmentStep":false},{"name":"project","time":{"start":1753453479257,"stop":1753453479257,"duration":0},"status":"passed","steps":[],"attachments":[],"parameters":[],"shouldDisplayMessage":false,"stepsCount":0,"attachmentsCount":0,"hasContent":false,"attachmentStep":false},{"name":"setup_class","time":{"start":1753453479257,"stop":1753453479915,"duration":658},"status":"failed","statusMessage":"AssertionError: dbt exit state did not match expected\n","statusTrace":"  File \"/opt/hostedtoolcache/Python/3.10.18/x64/lib/python3.10/site-packages/pluggy/_callers.py\", line 38, in run_old_style_hookwrapper\n    res = yield\n  File \"/opt/hostedtoolcache/Python/3.10.18/x64/lib/python3.10/site-packages/pluggy/_callers.py\", line 139, in _multicall\n    teardown.throw(exception)\n  File \"/opt/hostedtoolcache/Python/3.10.18/x64/lib/python3.10/site-packages/pluggy/_callers.py\", line 53, in run_old_style_hookwrapper\n    return result.get_result()\n  File \"/opt/hostedtoolcache/Python/3.10.18/x64/lib/python3.10/site-packages/pluggy/_result.py\", line 103, in get_result\n    raise exc.with_traceback(tb)\n  File \"/opt/hostedtoolcache/Python/3.10.18/x64/lib/python3.10/site-packages/pluggy/_callers.py\", line 38, in run_old_style_hookwrapper\n    res = yield\n  File \"/opt/hostedtoolcache/Python/3.10.18/x64/lib/python3.10/site-packages/pluggy/_callers.py\", line 121, in _multicall\n    res = hook_impl.function(*args)\n  File \"/opt/hostedtoolcache/Python/3.10.18/x64/lib/python3.10/site-packages/_pytest/fixtures.py\", line 1123, in pytest_fixture_setup\n    result = call_fixture_func(fixturefunc, request, kwargs)\n  File \"/opt/hostedtoolcache/Python/3.10.18/x64/lib/python3.10/site-packages/_pytest/fixtures.py\", line 895, in call_fixture_func\n    fixture_result = next(generator)\n  File \"/opt/hostedtoolcache/Python/3.10.18/x64/lib/python3.10/site-packages/dbt/tests/adapter/store_test_failures_tests/basic.py\", line 25, in setup_class\n    run_dbt([\"seed\"])\n  File \"/opt/hostedtoolcache/Python/3.10.18/x64/lib/python3.10/site-packages/dbt/tests/util.py\", line 107, in run_dbt\n    assert res.success == expect_pass, \"dbt exit state did not match expected\"\n","steps":[],"attachments":[],"parameters":[],"shouldDisplayMessage":true,"stepsCount":0,"attachmentsCount":0,"hasContent":true,"attachmentStep":false},{"name":"packages_yml","time":{"start":1753453479257,"stop":1753453479257,"duration":0},"status":"passed","steps":[],"attachments":[],"parameters":[],"shouldDisplayMessage":false,"stepsCount":0,"attachmentsCount":0,"hasContent":false,"attachmentStep":false},{"name":"project_config_update","time":{"start":1753453480275,"stop":1753453480275,"duration":0},"status":"passed","steps":[],"attachments":[],"parameters":[],"shouldDisplayMessage":false,"stepsCount":0,"attachmentsCount":0,"hasContent":false,"attachmentStep":false},{"name":"seeds","time":{"start":1753453482643,"stop":1753453482643,"duration":0},"status":"passed","steps":[],"attachments":[],"parameters":[],"shouldDisplayMessage":false,"stepsCount":0,"attachmentsCount":0,"hasContent":false,"attachmentStep":false},{"name":"tests","time":{"start":1753453482643,"stop":1753453482643,"duration":0},"status":"passed","steps":[],"attachments":[],"parameters":[],"shouldDisplayMessage":false,"stepsCount":0,"attachmentsCount":0,"hasContent":false,"attachmentStep":false}],"testStage":{"status":"failed","statusMessage":"AssertionError: dbt exit state did not match expected","statusTrace":"self = <test_store_test_failures.TestStoreTestFailuresAsProjectLevelEphemeral object at 0x7f959f5d8eb0>\nproject = <dbt.tests.fixtures.project.TestProjInfo object at 0x7f95979d1b70>\n\n    @pytest.fixture(scope=\"class\", autouse=True)\n    def setup_class(self, project):\n        # the seed doesn't get touched, load it once\n>       run_dbt([\"seed\"])\n\n/opt/hostedtoolcache/Python/3.10.18/x64/lib/python3.10/site-packages/dbt/tests/adapter/store_test_failures_tests/basic.py:25: \n_ _ _ _ _ _ _ _ _ _ _ _ _ _ _ _ _ _ _ _ _ _ _ _ _ _ _ _ _ _ _ _ _ _ _ _ _ _ _ _ \n\nargs = ['seed', '--project-dir', '/tmp/pytest-of-runner/pytest-0/project42', '--profiles-dir', '/tmp/pytest-of-runner/pytest-0/profile42']\nexpect_pass = True, callbacks = None\n\n    def run_dbt(\n        args: Optional[List[str]] = None,\n        expect_pass: bool = True,\n        callbacks: Optional[List[Callable[[EventMsg], None]]] = None,\n    ):\n        # reset global vars\n        reset_metadata_vars()\n    \n        if args is None:\n            args = [\"run\"]\n    \n        print(\"\\n\\nInvoking dbt with {}\".format(args))\n        from dbt.flags import get_flags\n    \n        flags = get_flags()\n        project_dir = getattr(flags, \"PROJECT_DIR\", None)\n        profiles_dir = getattr(flags, \"PROFILES_DIR\", None)\n        if project_dir and \"--project-dir\" not in args:\n            args.extend([\"--project-dir\", project_dir])\n        if profiles_dir and \"--profiles-dir\" not in args:\n            args.extend([\"--profiles-dir\", profiles_dir])\n        dbt = dbtRunner(callbacks=callbacks)\n    \n        res = dbt.invoke(args)\n    \n        # the exception is immediately raised to be caught in tests\n        # using a pattern like `with pytest.raises(SomeException):`\n        if res.exception is not None:\n            raise res.exception\n    \n        if expect_pass is not None:\n>           assert res.success == expect_pass, \"dbt exit state did not match expected\"\nE           AssertionError: dbt exit state did not match expected\n\n/opt/hostedtoolcache/Python/3.10.18/x64/lib/python3.10/site-packages/dbt/tests/util.py:107: AssertionError","steps":[],"attachments":[{"uid":"589714dd28dd7eb3","name":"log","source":"589714dd28dd7eb3.txt","type":"text/plain","size":10615},{"uid":"b733bbbf86dec855","name":"stdout","source":"b733bbbf86dec855.txt","type":"text/plain","size":1478},{"uid":"12026cc05be63d2f","name":"stderr","source":"12026cc05be63d2f.txt","type":"text/plain","size":8886}],"parameters":[],"shouldDisplayMessage":true,"stepsCount":0,"attachmentsCount":3,"hasContent":true,"attachmentStep":false},"afterStages":[{"name":"project_setup::0","time":{"start":1753453479932,"stop":1753453480265,"duration":333},"status":"passed","steps":[],"attachments":[],"parameters":[],"shouldDisplayMessage":false,"stepsCount":0,"attachmentsCount":0,"hasContent":false,"attachmentStep":false},{"name":"adapter::0","time":{"start":1753453480265,"stop":1753453480265,"duration":0},"status":"passed","steps":[],"attachments":[],"parameters":[],"shouldDisplayMessage":false,"stepsCount":0,"attachmentsCount":0,"hasContent":false,"attachmentStep":false},{"name":"profiles_yml::0","time":{"start":1753453480267,"stop":1753453480267,"duration":0},"status":"passed","steps":[],"attachments":[],"parameters":[],"shouldDisplayMessage":false,"stepsCount":0,"attachmentsCount":0,"hasContent":false,"attachmentStep":false},{"name":"logs_dir::0","time":{"start":1753453480267,"stop":1753453480267,"duration":0},"status":"passed","steps":[],"attachments":[],"parameters":[],"shouldDisplayMessage":false,"stepsCount":0,"attachmentsCount":0,"hasContent":false,"attachmentStep":false}],"labels":[{"name":"parentSuite","value":"tests.functional.adapter"},{"name":"suite","value":"test_store_test_failures"},{"name":"subSuite","value":"TestStoreTestFailuresAsProjectLevelEphemeral"},{"name":"host","value":"pkrvmpptgkbjq6m"},{"name":"thread","value":"4480-MainThread"},{"name":"framework","value":"pytest"},{"name":"language","value":"cpython3"},{"name":"package","value":"tests.functional.adapter.test_store_test_failures"},{"name":"resultFormat","value":"allure2"}],"parameters":[],"links":[],"hidden":false,"retry":false,"extra":{"severity":"normal","retries":[],"categories":[{"name":"Product defects","matchedStatuses":[],"flaky":false}],"tags":[]},"source":"ba7ce8efe69d74be.json","parameterValues":[]}